#
# A fatal error has been detected by the Java Runtime Environment:
#
#  SIGSEGV (0xb) at pc=0x0000000109ab1c3b, pid=2290, tid=23811
#
# JRE version: Java(TM) SE Runtime Environment (20.0+36) (build 20+36-2344)
# Java VM: Java HotSpot(TM) 64-Bit Server VM (20+36-2344, mixed mode, sharing, tiered, compressed oops, compressed class ptrs, parallel gc, bsd-amd64)
# Problematic frame:
# V  [libjvm.dylib+0x96bc3b]  oopDesc* PSPromotionManager::copy_unmarked_to_survivor_space<false>(oopDesc*, markWord)+0x3b
#
# No core dump will be written. Core dumps have been disabled. To enable core dumping, try "ulimit -c unlimited" before starting Java again
#
# If you would like to submit a bug report, please visit:
#   https://bugreport.java.com/bugreport/crash.jsp
#

---------------  S U M M A R Y ------------

Command Line: --add-modules=ALL-SYSTEM --add-opens=java.base/java.util=ALL-UNNAMED --add-opens=java.base/java.lang=ALL-UNNAMED --add-opens=java.base/sun.nio.fs=ALL-UNNAMED -Declipse.application=org.eclipse.jdt.ls.core.id1 -Dosgi.bundles.defaultStartLevel=4 -Declipse.product=org.eclipse.jdt.ls.core.product -Djava.import.generatesMetadataFilesAtProjectRoot=false -Dfile.encoding=utf8 -XX:+UseParallelGC -XX:GCTimeRatio=4 -XX:AdaptiveSizePolicyWeight=90 -Dsun.zip.disableMemoryMapping=true -Xmx1G -Xms100m -Xlog:disable -javaagent:/Users/Sooraj/.vscode/extensions/redhat.java-1.18.0-darwin-x64/lombok/lombok-1.18.27.jar -XX:+HeapDumpOnOutOfMemoryError -XX:HeapDumpPath=/Users/Sooraj/Library/Application Support/Code/User/workspaceStorage/df6b44e4a2bc67d7ecc28c8f13569df9/redhat.java -Daether.dependencyCollector.impl=bf /Users/Sooraj/.vscode/extensions/redhat.java-1.18.0-darwin-x64/server/plugins/org.eclipse.equinox.launcher_1.6.400.v20210924-0641.jar -configuration /Users/Sooraj/Library/Application Support/Code/User/globalStorage/redhat.java/1.18.0/config_mac -data /Users/Sooraj/Library/Application Support/Code/User/workspaceStorage/df6b44e4a2bc67d7ecc28c8f13569df9/redhat.java/jdt_ws

Host: "MacBookPro11,5" x86_64 2500 MHz, 8 cores, 16G, Darwin 21.6.0, macOS 12.6.2 (21G320)
Time: Wed May  3 00:02:09 2023 CDT elapsed time: 38945.984825 seconds (0d 10h 49m 5s)

---------------  T H R E A D  ---------------

Current thread (0x00007f9e3ca528d0):  WorkerThread "GC Thread#1" [stack: 0x000070000ce01000,0x000070000cf01000] [id=23811]

Stack: [0x000070000ce01000,0x000070000cf01000],  sp=0x000070000cf00c80,  free space=1023k
Native frames: (J=compiled Java code, j=interpreted, Vv=VM code, C=native code)
V  [libjvm.dylib+0x96bc3b]  oopDesc* PSPromotionManager::copy_unmarked_to_survivor_space<false>(oopDesc*, markWord)+0x3b
V  [libjvm.dylib+0x96b4df]  PSPromotionManager::process_popped_location_depth(ScannerTask)+0x8f
V  [libjvm.dylib+0x96b3c7]  PSPromotionManager::drain_stacks_depth(bool)+0x267
V  [libjvm.dylib+0x95360e]  PSCardTable::scan_objects_in_range(PSPromotionManager*, HeapWordImpl**, HeapWordImpl**)+0x1ae
V  [libjvm.dylib+0x9538e8]  PSCardTable::scavenge_contents_parallel(ObjectStartArray*, MutableSpace*, HeapWordImpl**, PSPromotionManager*, unsigned int, unsigned int)+0x2c8
V  [libjvm.dylib+0x96e181]  ScavengeRootsTask::work(unsigned int)+0xa1
V  [libjvm.dylib+0xb7faac]  WorkerThread::run()+0x7c
V  [libjvm.dylib+0xabdf85]  Thread::call_run()+0xa5
V  [libjvm.dylib+0x908857]  thread_native_entry(Thread*)+0x147
C  [libsystem_pthread.dylib+0x64e1]  _pthread_start+0x7d
C  [libsystem_pthread.dylib+0x1f6b]  thread_start+0xf

siginfo: si_signo: 11 (SIGSEGV), si_code: 1 (SEGV_MAPERR), si_addr: 0x00000008fd8b751f

Registers:
RAX=0x0000000109ecdb01, RBX=0x00007f9e4000e000, RCX=0x0000000000000000, RDX=0x0000000109e94320
RSP=0x000070000cf00c80, RBP=0x000070000cf00ce0, RSI=0x00000007ec5ba910, RDI=0x00000008fd8b7517
R8 =0x00000007ec5bacf8, R9 =0x0000000000000000, R10=0x00000008000be840, R11=0xffffffffffa4b9b0
R12=0x0000000109ecdb31, R13=0xfd8ab3be00000000, R14=0x0000000109e94310, R15=0xffffffff00000000
RIP=0x0000000109ab1c3b, EFLAGS=0x0000000000010206, ERR=0x0000000000000004
  TRAPNO=0x000000000000000e


Register to memory mapping:

RAX=0x0000000109ecdb01: _ZN13GlobalCounter15_global_counterE+0xf9 in /Library/Java/JavaVirtualMachines/jdk-20.jdk/Contents/Home/lib/server/libjvm.dylib at 0x0000000109146000
RBX=0x00007f9e4000e000 points into unknown readable memory: 0x0000000109e845b0 | b0 45 e8 09 01 00 00 00
RCX=0x0 is NULL
RDX=0x0000000109e94320: _ZN23CompressedKlassPointers13_narrow_klassE+0 in /Library/Java/JavaVirtualMachines/jdk-20.jdk/Contents/Home/lib/server/libjvm.dylib at 0x0000000109146000
RSP=0x000070000cf00c80 points into unknown readable memory: 0x0000000000000002 | 02 00 00 00 00 00 00 00
RBP=0x000070000cf00ce0 points into unknown readable memory: 0x000070000cf00d00 | 00 0d f0 0c 00 70 00 00
RSI=0x00000007ec5ba910 points into unknown readable memory: 0xfd8ab3be00000000 | 00 00 00 00 be b3 8a fd
RDI=0x00000008fd8b7517 is an unknown value
R8 =0x00000007ec5bacf8 is an oop: java.util.ArrayList 
{0x00000007ec5bacf8} - klass: 'java/util/ArrayList'
 - ---- fields (total size 3 words):
 - protected transient 'modCount' 'I' @12  1 (0x00000001)
 - private 'size' 'I' @16  1 (0x00000001)
 - transient 'elementData' '[Ljava/lang/Object;' @20  
[error occurred during error reporting (printing register info), id 0xb, SIGSEGV (0xb) at pc=0x0000000109a3cd0c]
Top of Stack: (sp=0x000070000cf00c80)
0x000070000cf00c80:   0000000000000002 0000000109e83f48
0x000070000cf00c90:   00007f9e3ca0c330 00007f9e4000e000
0x000070000cf00ca0:   fd8ab3be00000000 00007f9e4000e000
0x000070000cf00cb0:   00000007ec5bacf8 00000007ec0066bc
0x000070000cf00cc0:   0000000109ecdb31 00007f9e4000e160
0x000070000cf00cd0:   0000000109e94310 ffffffff00000000
0x000070000cf00ce0:   000070000cf00d00 0000000109ab14df
0x000070000cf00cf0:   00007f9e4000e000 00007f9e4000e2e0
0x000070000cf00d00:   000070000cf00d40 0000000109ab13c7
0x000070000cf00d10:   0000000000000108 00000007cc22c610
0x000070000cf00d20:   0000000109ecdb31 0000000109e94320
0x000070000cf00d30:   00007f9e4000e000 00000007cc22c600
0x000070000cf00d40:   000070000cf00d90 0000000109a9960e
0x000070000cf00d50:   0000000109e83f48 00007f9e3ca0c330
0x000070000cf00d60:   00007f9e4000e000 00007f9e3c9044d0
0x000070000cf00d70:   00000007cc22a000 00000001031bb180
0x000070000cf00d80:   0000000109ec2568 00000001031bb163
0x000070000cf00d90:   000070000cf00e20 0000000109a998e8
0x000070000cf00da0:   00000007cc220060 00007f9e4000e000
0x000070000cf00db0:   00000007cc4ca178 0000000000010000
0x000070000cf00dc0:   00000007cc230000 00000001031bb180
0x000070000cf00dd0:   00000001031bb101 00000007cc220000
0x000070000cf00de0:   0000000000002000 00007f9e3ca05750
0x000070000cf00df0:   00007f9e3c9044d0 00007f9e4000e000
0x000070000cf00e00:   0000000000000002 00007ff843913c04
0x000070000cf00e10:   0000000000000002 000070000c2b2690
0x000070000cf00e20:   000070000cf00ee0 0000000109ab4181
0x000070000cf00e30:   0000700000000008 0000000109ab567f
0x000070000cf00e40:   00007f9e3cf23e40 00007f9e3cf24218
0x000070000cf00e50:   000070000cf00ee0 0000000109adc30a
0x000070000cf00e60:   00007f9e3ca4cd50 00007f9e3cf23e30
0x000070000cf00e70:   000000000000000e 00000000000003d8 

Instructions: (pc=0x0000000109ab1c3b)
0x0000000109ab1b3b:   3d 00 48 89 4d c8 4c 89 7d d8 84 c0 74 4b 48 8d
0x0000000109ab1b4b:   05 d0 27 3e 00 89 d2 8a 48 08 48 d3 e2 48 03 10
0x0000000109ab1b5b:   eb 3c 48 c1 e6 04 48 83 ce 08 48 8b 03 48 89 df
0x0000000109ab1b6b:   ff 10 48 8b 73 08 48 8b 4b 38 48 c1 e6 04 48 89
0x0000000109ab1b7b:   0c 30 48 89 43 38 48 c7 43 20 00 00 00 00 48 85
0x0000000109ab1b8b:   c9 74 3b 48 8b 4b 08 eb 37 49 8b 54 24 08 48 63
0x0000000109ab1b9b:   42 0c 48 8d 0d 54 46 3f 00 48 8d 7d c8 4c 89 e6
0x0000000109ab1bab:   ff 14 c1 49 8b 9f 38 03 00 00 48 8b 73 20 48 3b
0x0000000109ab1bbb:   73 08 0f 84 32 ff ff ff 48 8b 43 38 eb 08 31 c9
0x0000000109ab1bcb:   48 01 4b 28 31 f6 48 89 f1 48 c1 e1 04 4c 89 24
0x0000000109ab1bdb:   08 4c 89 74 08 08 48 ff c6 48 89 73 20 4c 89 e0
0x0000000109ab1beb:   48 83 c4 20 5b 41 5c 41 5e 41 5f 5d c3 0f 1f 84
0x0000000109ab1bfb:   00 00 00 00 00 55 48 89 e5 41 57 41 56 41 55 41
0x0000000109ab1c0b:   54 53 48 83 ec 38 49 89 d5 48 89 fb 48 89 55 c0
0x0000000109ab1c1b:   48 8d 05 0f bf 41 00 8a 00 84 c0 74 32 8b 7e 08
0x0000000109ab1c2b:   48 8d 15 ee 26 3e 00 8a 4a 08 48 d3 e7 48 03 3a
0x0000000109ab1c3b:   44 8b 67 08 45 85 e4 48 89 75 d0 7e 23 41 f6 c4
0x0000000109ab1c4b:   01 75 26 49 c1 ec 03 41 f6 c5 01 74 2e eb 38 48
0x0000000109ab1c5b:   8b 7e 08 44 8b 67 08 45 85 e4 48 89 75 d0 7f dd
0x0000000109ab1c6b:   45 85 e4 0f 88 b9 01 00 00 48 8b 07 ff 90 00 01
0x0000000109ab1c7b:   00 00 49 89 c4 41 f6 c5 01 75 0c 48 8d 7d c0 e8
0x0000000109ab1c8b:   11 72 f0 ff 49 89 c5 41 c1 ed 03 41 83 e5 0f 48
0x0000000109ab1c9b:   8d 05 73 16 43 00 44 3b 28 48 89 5d c8 73 30 4c
0x0000000109ab1cab:   8b 7b 08 48 8b 43 18 4c 29 f8 48 c1 e8 03 4c 39
0x0000000109ab1cbb:   e0 72 12 4b 8d 04 e7 48 89 43 08 4d 85 ff 74 05
0x0000000109ab1ccb:   45 31 f6 eb 5e 80 7b 58 00 0f 84 9a 01 00 00 4c
0x0000000109ab1cdb:   8b 7b 30 48 8b 43 40 4c 29 f8 48 c1 e8 03 4c 39
0x0000000109ab1ceb:   e0 0f 82 cd 00 00 00 4b 8d 04 e7 48 89 43 30 48
0x0000000109ab1cfb:   8b 43 50 48 8d 0d 4b d7 42 00 8a 09 4c 89 fa 48
0x0000000109ab1d0b:   d3 ea 48 8b 40 78 48 89 d6 48 d3 e6 44 89 f9 29
0x0000000109ab1d1b:   f1 c1 e9 03 88 0c 10 4d 85 ff 0f 84 94 00 00 00
0x0000000109ab1d2b:   41 b6 01 4c 8b 45 d0 4c 8d 2d f8 bd 41 00 49 83 


Stack slot to memory mapping:
stack at sp + 0 slots: 0x0000000000000002 is an unknown value
stack at sp + 1 slots: 0x0000000109e83f48: _ZTV21PSPushContentsClosure+0x10 in /Library/Java/JavaVirtualMachines/jdk-20.jdk/Contents/Home/lib/server/libjvm.dylib at 0x0000000109146000
stack at sp + 2 slots: 0x00007f9e3ca0c330 points into unknown readable memory: 0x0000000109e84998 | 98 49 e8 09 01 00 00 00
stack at sp + 3 slots: 0x00007f9e4000e000 points into unknown readable memory: 0x0000000109e845b0 | b0 45 e8 09 01 00 00 00
stack at sp + 4 slots: 0xfd8ab3be00000000 is an unknown value
stack at sp + 5 slots: 0x00007f9e4000e000 points into unknown readable memory: 0x0000000109e845b0 | b0 45 e8 09 01 00 00 00
stack at sp + 6 slots: 0x00000007ec5bacf8 is an oop: java.util.ArrayList 
{0x00000007ec5bacf8} - klass: 'java/util/ArrayList'
 - ---- fields (total size 3 words):
 - protected transient 'modCount' 'I' @12  1 (0x00000001)
 - private 'size' 'I' @16  1 (0x00000001)
 - transient 'elementData' '[Ljava/lang/Object;' @20  
[error occurred during error reporting (inspecting top of stack), id 0xb, SIGSEGV (0xb) at pc=0x0000000109a3cd0c]

---------------  P R O C E S S  ---------------

Threads class SMR info:
_java_thread_list=0x00007f9e2d40d050, length=32, elements={
0x00007f9e3e00a000, 0x00007f9e3f808800, 0x00007f9e3e81c400, 0x00007f9e3d017800,
0x00007f9e3e00c000, 0x00007f9e3d80c600, 0x00007f9e3d80cc00, 0x00007f9e3e814200,
0x00007f9e3c00f000, 0x00007f9e3f008800, 0x00007f9e4001b800, 0x00007f9e3e96bc00,
0x00007f9e3f02a800, 0x00007f9e3d021600, 0x00007f9e3f888000, 0x00007f9e400cf000,
0x00007f9e3c121c00, 0x00007f9e3e051600, 0x00007f9e3f270800, 0x00007f9e3d4f0800,
0x00007f9e3effc400, 0x00007f9e406aec00, 0x00007f9e3f406000, 0x00007f9e3eedf600,
0x00007f9e46e71200, 0x00007f9e3d626600, 0x00007f9e4566b200, 0x00007f9e3e15e000,
0x00007f9e3c38e400, 0x00007f9e4b7a3a00, 0x00007f9e2c608800, 0x00007f9e4566dc00
}

Java Threads: ( => current thread )
  0x00007f9e3e00a000 JavaThread "main" [_thread_blocked, id=9987, stack(0x000070000bfad000,0x000070000c0ad000)]
  0x00007f9e3f808800 JavaThread "Reference Handler" daemon [_thread_blocked, id=17923, stack(0x000070000c3bc000,0x000070000c4bc000)]
  0x00007f9e3e81c400 JavaThread "Finalizer" daemon [_thread_blocked, id=16131, stack(0x000070000c4bf000,0x000070000c5bf000)]
  0x00007f9e3d017800 JavaThread "Signal Dispatcher" daemon [_thread_blocked, id=16387, stack(0x000070000c5c2000,0x000070000c6c2000)]
  0x00007f9e3e00c000 JavaThread "Service Thread" daemon [_thread_blocked, id=17411, stack(0x000070000c6c5000,0x000070000c7c5000)]
  0x00007f9e3d80c600 JavaThread "Monitor Deflation Thread" daemon [_thread_blocked, id=16899, stack(0x000070000c7c8000,0x000070000c8c8000)]
  0x00007f9e3d80cc00 JavaThread "C2 CompilerThread0" daemon [_thread_blocked, id=22019, stack(0x000070000c8cb000,0x000070000c9cb000)]
  0x00007f9e3e814200 JavaThread "C1 CompilerThread0" daemon [_thread_blocked, id=43267, stack(0x000070000c9ce000,0x000070000cace000)]
  0x00007f9e3c00f000 JavaThread "Common-Cleaner" daemon [_thread_blocked, id=42755, stack(0x000070000cad1000,0x000070000cbd1000)]
  0x00007f9e3f008800 JavaThread "Notification Thread" daemon [_thread_blocked, id=22787, stack(0x000070000cbd4000,0x000070000ccd4000)]
  0x00007f9e4001b800 JavaThread "Active Thread: Equinox Container: 730af04b-8373-420c-ac37-c804dc82074a" [_thread_blocked, id=40451, stack(0x000070000d516000,0x000070000d616000)]
  0x00007f9e3e96bc00 JavaThread "Framework Event Dispatcher: Equinox Container: 730af04b-8373-420c-ac37-c804dc82074a" daemon [_thread_blocked, id=40195, stack(0x000070000d619000,0x000070000d719000)]
  0x00007f9e3f02a800 JavaThread "Start Level: Equinox Container: 730af04b-8373-420c-ac37-c804dc82074a" daemon [_thread_blocked, id=26115, stack(0x000070000d71c000,0x000070000d81c000)]
  0x00007f9e3d021600 JavaThread "SCR Component Actor" daemon [_thread_blocked, id=26371, stack(0x000070000d81f000,0x000070000d91f000)]
  0x00007f9e3f888000 JavaThread "Worker-JM" [_thread_blocked, id=85515, stack(0x000070000db2b000,0x000070000dc2b000)]
  0x00007f9e400cf000 JavaThread "Java indexing" daemon [_thread_blocked, id=83459, stack(0x000070000df37000,0x000070000e037000)]
  0x00007f9e3c121c00 JavaThread "pool-2-thread-1" [_thread_blocked, id=82947, stack(0x000070000e03a000,0x000070000e13a000)]
  0x00007f9e3e051600 JavaThread "pool-1-thread-1" [_thread_in_native, id=46851, stack(0x000070000e13d000,0x000070000e23d000)]
  0x00007f9e3f270800 JavaThread "Bundle File Closer" daemon [_thread_blocked, id=48387, stack(0x000070000ea58000,0x000070000eb58000)]
  0x00007f9e3d4f0800 JavaThread "Attach Listener" daemon [_thread_blocked, id=49679, stack(0x000070000d9a5000,0x000070000daa5000)]
  0x00007f9e3effc400 JavaThread "ForkJoinPool.commonPool-worker-211" daemon [_thread_blocked, id=78207, stack(0x000070000de34000,0x000070000df34000)]
  0x00007f9e406aec00 JavaThread "ForkJoinPool.commonPool-worker-213" daemon [_thread_blocked, id=46151, stack(0x000070000dd31000,0x000070000de31000)]
  0x00007f9e3f406000 JavaThread "ForkJoinPool.commonPool-worker-214" daemon [_thread_blocked, id=23627, stack(0x000070000e240000,0x000070000e340000)]
  0x00007f9e3eedf600 JavaThread "ForkJoinPool.commonPool-worker-216" daemon [_thread_blocked, id=78939, stack(0x000070000e549000,0x000070000e649000)]
  0x00007f9e46e71200 JavaThread "ForkJoinPool.commonPool-worker-217" daemon [_thread_blocked, id=48175, stack(0x000070000e74f000,0x000070000e84f000)]
  0x00007f9e3d626600 JavaThread "Worker-389: Publish Diagnostics" [_thread_blocked, id=45683, stack(0x000070000e343000,0x000070000e443000)]
  0x00007f9e4566b200 JavaThread "Worker-397" [_thread_blocked, id=77875, stack(0x000070000e955000,0x000070000ea55000)]
  0x00007f9e3e15e000 JavaThread "ForkJoinPool.commonPool-worker-219" daemon [_thread_blocked, id=47407, stack(0x000070000dc2e000,0x000070000dd2e000)]
  0x00007f9e3c38e400 JavaThread "ForkJoinPool.commonPool-worker-220" daemon [_thread_blocked, id=82759, stack(0x000070000e446000,0x000070000e546000)]
  0x00007f9e4b7a3a00 JavaThread "Worker-400" [_thread_blocked, id=78415, stack(0x000070000e64c000,0x000070000e74c000)]
  0x00007f9e2c608800 JavaThread "Worker-401" [_thread_blocked, id=81527, stack(0x000070000e852000,0x000070000e952000)]
  0x00007f9e4566dc00 JavaThread "Worker-402" [_thread_blocked, id=82255, stack(0x000070000eb5b000,0x000070000ec5b000)]

Other Threads:
  0x00007f9e3cf1a480 VMThread "VM Thread" [stack: 0x000070000c1b3000,0x000070000c2b3000] [id=13315]
  0x00007f9e3c92aba0 WatcherThread "VM Periodic Task Thread" [stack: 0x000070000ccd7000,0x000070000cdd7000] [id=42499]
  0x00007f9e3c904610 WorkerThread "GC Thread#0" [stack: 0x000070000c0b0000,0x000070000c1b0000] [id=19971]
=>0x00007f9e3ca528d0 WorkerThread "GC Thread#1" [stack: 0x000070000ce01000,0x000070000cf01000] [id=23811]
  0x00007f9e3cb384c0 WorkerThread "GC Thread#2" [stack: 0x000070000cf04000,0x000070000d004000] [id=41731]
  0x00007f9e3cb38c70 WorkerThread "GC Thread#3" [stack: 0x000070000d007000,0x000070000d107000] [id=24323]
  0x00007f9e3c943b80 WorkerThread "GC Thread#4" [stack: 0x000070000d10a000,0x000070000d20a000] [id=41219]
  0x00007f9e3ce33090 WorkerThread "GC Thread#5" [stack: 0x000070000d20d000,0x000070000d30d000] [id=24835]
  0x00007f9e3ce338f0 WorkerThread "GC Thread#6" [stack: 0x000070000d310000,0x000070000d410000] [id=25347]
  0x00007f9e3cf79540 WorkerThread "GC Thread#7" [stack: 0x000070000d413000,0x000070000d513000] [id=25603]

Threads with active compile tasks:

VM state: at safepoint (normal execution)

VM Mutex/Monitor currently owned by a thread:  ([mutex/lock_event])
[0x00007f9e3cf0a380] Threads_lock - owner thread: 0x00007f9e3cf1a480
[0x00007f9e3cf0a6f0] Heap_lock - owner thread: 0x00007f9e3d626600

Heap address: 0x00000007c0000000, size: 1024 MB, Compressed Oops mode: Zero based, Oop shift amount: 3

CDS archive(s) mapped at: [0x0000000800000000-0x0000000800c68000-0x0000000800c68000), size 13008896, SharedBaseAddress: 0x0000000800000000, ArchiveRelocationMode: 0.
Compressed class space mapped at: 0x0000000801000000-0x0000000841000000, reserved size: 1073741824
Narrow klass base: 0x0000000800000000, Narrow klass shift: 0, Narrow klass range: 0x100000000

GC Precious Log:
 CardTable entry size: 512
 CPUs: 8 total, 8 available
 Memory: 16384M
 Large Page Support: Disabled
 NUMA Support: Disabled
 Compressed Oops: Enabled (Zero based)
 Alignments: Space 512K, Generation 512K, Heap 2M
 Heap Min Capacity: 100M
 Heap Initial Capacity: 100M
 Heap Max Capacity: 1G
 Pre-touch: Disabled
 Parallel Workers: 8

Heap:
 PSYoungGen      total 24064K, used 24006K [0x00000007eab00000, 0x00000007ec900000, 0x0000000800000000)
  eden space 18944K, 99% used [0x00000007eab00000,0x00000007ebd7ffa8,0x00000007ebd80000)
  from space 5120K, 98% used [0x00000007ec300000,0x00000007ec7f1a60,0x00000007ec800000)
  to   space 5632K, 74% used [0x00000007ebd80000,0x00000007ec192da0,0x00000007ec300000)
 ParOldGen       total 204288K, used 201512K [0x00000007c0000000, 0x00000007cc780000, 0x00000007eab00000)
  object space 204288K, 98% used [0x00000007c0000000,0x00000007cc4ca178,0x00000007cc780000)
 Metaspace       used 86215K, committed 87488K, reserved 1179648K
  class space    used 8001K, committed 8640K, reserved 1048576K

Card table byte_map: [0x000000010315a000,0x000000010335b000] _byte_map_base: 0x00000000ff35a000

Marking Bits: (ParMarkBitMap*) 0x0000000109ee3150
 Begin Bits: [0x000000012127a000, 0x000000012227a000)
 End Bits:   [0x000000012227a000, 0x000000012327a000)

Polling page: 0x0000000102e9f000

Metaspace:

Usage:
  Non-class:     76.38 MB used.
      Class:      7.81 MB used.
       Both:     84.19 MB used.

Virtual space:
  Non-class space:      128.00 MB reserved,      77.00 MB ( 60%) committed,  2 nodes.
      Class space:        1.00 GB reserved,       8.44 MB ( <1%) committed,  1 nodes.
             Both:        1.12 GB reserved,      85.44 MB (  7%) committed. 

Chunk freelists:
   Non-Class:  2.82 MB
       Class:  3.61 MB
        Both:  6.43 MB

MaxMetaspaceSize: unlimited
CompressedClassSpaceSize: 1.00 GB
Initial GC threshold: 21.00 MB
Current GC threshold: 142.31 MB
CDS: on
MetaspaceReclaimPolicy: balanced
 - commit_granule_bytes: 65536.
 - commit_granule_words: 8192.
 - virtual_space_node_default_size: 8388608.
 - enlarge_chunks_in_place: 1.
 - new_chunks_are_fully_committed: 0.
 - uncommit_free_chunks: 1.
 - use_allocation_guard: 0.


Internal statistics:

num_allocs_failed_limit: 9.
num_arena_births: 1638.
num_arena_deaths: 356.
num_vsnodes_births: 3.
num_vsnodes_deaths: 0.
num_space_committed: 1367.
num_space_uncommitted: 0.
num_chunks_returned_to_freelist: 431.
num_chunks_taken_from_freelist: 5984.
num_chunk_merges: 85.
num_chunk_splits: 3493.
num_chunks_enlarged: 1967.
num_inconsistent_stats: 0.

CodeHeap 'non-profiled nmethods': size=120028Kb used=29118Kb max_used=29228Kb free=90909Kb
 bounds [0x0000000119d43000, 0x000000011ba63000, 0x000000012127a000]
CodeHeap 'profiled nmethods': size=120028Kb used=16268Kb max_used=32071Kb free=103759Kb
 bounds [0x000000011227a000, 0x00000001141fa000, 0x00000001197b1000]
CodeHeap 'non-nmethods': size=5704Kb used=1532Kb max_used=1661Kb free=4171Kb
 bounds [0x00000001197b1000, 0x0000000119a21000, 0x0000000119d43000]
 total_blobs=10964 nmethods=10182 adapters=689
 compilation: enabled
              stopped_count=0, restarted_count=0
 full_count=0

Compilation events (20 events):
Event: 38941.656 Thread 0x00007f9e3d80cc00 77806       4       org.eclipse.jdt.internal.corext.dom.GenericVisitor::visit (16 bytes)
Event: 38941.656 Thread 0x00007f9e3e814200 77807       3       org.eclipse.jdt.internal.ui.text.correction.QuickAssistProcessorUtil::getVariableStatementBinding (22 bytes)
Event: 38941.657 Thread 0x00007f9e3d80cc00 nmethod 77806 0x000000011b456510 code [0x000000011b456680, 0x000000011b456730]
Event: 38941.657 Thread 0x00007f9e3e814200 nmethod 77807 0x0000000113ca2910 code [0x0000000113ca2ae0, 0x0000000113ca2f98]
Event: 38941.657 Thread 0x00007f9e3e814200 77808       3       org.eclipse.jdt.internal.ui.text.correction.QuickAssistProcessorUtil$1::<init> (10 bytes)
Event: 38941.657 Thread 0x00007f9e3e814200 nmethod 77808 0x0000000113f99290 code [0x0000000113f99420, 0x0000000113f99668]
Event: 38941.657 Thread 0x00007f9e3e814200 77809       3       org.eclipse.jdt.ls.core.internal.codemanipulation.PartialSortMembersOperation$2::sortElements (117 bytes)
Event: 38941.658 Thread 0x00007f9e3e814200 nmethod 77809 0x000000011287e790 code [0x000000011287ea20, 0x000000011287f8e0]
Event: 38942.329 Thread 0x00007f9e3d80cc00 77810       4       org.eclipse.jdt.internal.compiler.problem.ProblemHandler::handle (22 bytes)
Event: 38942.330 Thread 0x00007f9e3d80cc00 nmethod 77810 0x000000011ab2e710 code [0x000000011ab2e8a0, 0x000000011ab2e9f8]
Event: 38942.508 Thread 0x00007f9e3d80cc00 77811       4       org.eclipse.jdt.internal.core.util.ReferenceInfoAdapter::acceptUnknownReference (1 bytes)
Event: 38942.508 Thread 0x00007f9e3d80cc00 nmethod 77811 0x000000011b484190 code [0x000000011b484300, 0x000000011b484388]
Event: 38944.317 Thread 0x00007f9e3d80cc00 77812       4       org.eclipse.jdt.ls.core.internal.corrections.NameMatcher::getSimilarity (159 bytes)
Event: 38944.320 Thread 0x00007f9e3e814200 77814       3       org.eclipse.jdt.internal.codeassist.CompletionEngine::findFields (451 bytes)
Event: 38944.321 Thread 0x00007f9e3e814200 nmethod 77814 0x0000000112ef7310 code [0x0000000112ef7600, 0x0000000112ef91a0]
Event: 38944.326 Thread 0x00007f9e3d80cc00 nmethod 77812 0x000000011ac1af10 code [0x000000011ac1b100, 0x000000011ac1bbc8]
Event: 38944.326 Thread 0x00007f9e3d80cc00 77813   !   4       org.eclipse.jdt.internal.core.Buffer::setContents (132 bytes)
Event: 38944.330 Thread 0x00007f9e3d80cc00 nmethod 77813 0x000000011b0f5090 code [0x000000011b0f5240, 0x000000011b0f5b38]
Event: 38945.907 Thread 0x00007f9e3d80cc00 77815 %     4       java.util.concurrent.ForkJoinPool::runWorker @ 11 (60 bytes)
Event: 38945.936 Thread 0x00007f9e3d80cc00 nmethod 77815% 0x000000011aec2710 code [0x000000011aec2940, 0x000000011aec3ad8]

GC Heap History (20 events):
Event: 38941.638 GC heap after
{Heap after GC invocations=53716 (full 1307):
 PSYoungGen      total 22528K, used 3066K [0x00000007eab00000, 0x00000007ec600000, 0x0000000800000000)
  eden space 19456K, 0% used [0x00000007eab00000,0x00000007eab00000,0x00000007ebe00000)
  from space 3072K, 99% used [0x00000007ebe00000,0x00000007ec0fe820,0x00000007ec100000)
  to   space 4096K, 0% used [0x00000007ec200000,0x00000007ec200000,0x00000007ec600000)
 ParOldGen       total 204288K, used 194951K [0x00000007c0000000, 0x00000007cc780000, 0x00000007eab00000)
  object space 204288K, 95% used [0x00000007c0000000,0x00000007cbe61da0,0x00000007cc780000)
 Metaspace       used 86215K, committed 87488K, reserved 1179648K
  class space    used 8001K, committed 8640K, reserved 1048576K
}
Event: 38941.977 GC heap before
{Heap before GC invocations=53717 (full 1307):
 PSYoungGen      total 22528K, used 22522K [0x00000007eab00000, 0x00000007ec600000, 0x0000000800000000)
  eden space 19456K, 100% used [0x00000007eab00000,0x00000007ebe00000,0x00000007ebe00000)
  from space 3072K, 99% used [0x00000007ebe00000,0x00000007ec0fe820,0x00000007ec100000)
  to   space 4096K, 0% used [0x00000007ec200000,0x00000007ec200000,0x00000007ec600000)
 ParOldGen       total 204288K, used 194951K [0x00000007c0000000, 0x00000007cc780000, 0x00000007eab00000)
  object space 204288K, 95% used [0x00000007c0000000,0x00000007cbe61da0,0x00000007cc780000)
 Metaspace       used 86215K, committed 87488K, reserved 1179648K
  class space    used 8001K, committed 8640K, reserved 1048576K
}
Event: 38941.980 GC heap after
{Heap after GC invocations=53717 (full 1307):
 PSYoungGen      total 24064K, used 3418K [0x00000007eab00000, 0x00000007ec600000, 0x0000000800000000)
  eden space 19968K, 0% used [0x00000007eab00000,0x00000007eab00000,0x00000007ebe80000)
  from space 4096K, 83% used [0x00000007ec200000,0x00000007ec556840,0x00000007ec600000)
  to   space 3584K, 0% used [0x00000007ebe80000,0x00000007ebe80000,0x00000007ec200000)
 ParOldGen       total 204288K, used 195696K [0x00000007c0000000, 0x00000007cc780000, 0x00000007eab00000)
  object space 204288K, 95% used [0x00000007c0000000,0x00000007cbf1c110,0x00000007cc780000)
 Metaspace       used 86215K, committed 87488K, reserved 1179648K
  class space    used 8001K, committed 8640K, reserved 1048576K
}
Event: 38942.475 GC heap before
{Heap before GC invocations=53718 (full 1307):
 PSYoungGen      total 24064K, used 23386K [0x00000007eab00000, 0x00000007ec600000, 0x0000000800000000)
  eden space 19968K, 100% used [0x00000007eab00000,0x00000007ebe80000,0x00000007ebe80000)
  from space 4096K, 83% used [0x00000007ec200000,0x00000007ec556840,0x00000007ec600000)
  to   space 3584K, 0% used [0x00000007ebe80000,0x00000007ebe80000,0x00000007ec200000)
 ParOldGen       total 204288K, used 195696K [0x00000007c0000000, 0x00000007cc780000, 0x00000007eab00000)
  object space 204288K, 95% used [0x00000007c0000000,0x00000007cbf1c110,0x00000007cc780000)
 Metaspace       used 86215K, committed 87488K, reserved 1179648K
  class space    used 8001K, committed 8640K, reserved 1048576K
}
Event: 38942.478 GC heap after
{Heap after GC invocations=53718 (full 1307):
 PSYoungGen      total 23552K, used 3579K [0x00000007eab00000, 0x00000007ec980000, 0x0000000800000000)
  eden space 19968K, 0% used [0x00000007eab00000,0x00000007eab00000,0x00000007ebe80000)
  from space 3584K, 99% used [0x00000007ebe80000,0x00000007ec1fedb0,0x00000007ec200000)
  to   space 5120K, 0% used [0x00000007ec480000,0x00000007ec480000,0x00000007ec980000)
 ParOldGen       total 204288K, used 196620K [0x00000007c0000000, 0x00000007cc780000, 0x00000007eab00000)
  object space 204288K, 96% used [0x00000007c0000000,0x00000007cc0030b0,0x00000007cc780000)
 Metaspace       used 86215K, committed 87488K, reserved 1179648K
  class space    used 8001K, committed 8640K, reserved 1048576K
}
Event: 38942.921 GC heap before
{Heap before GC invocations=53719 (full 1307):
 PSYoungGen      total 23552K, used 23547K [0x00000007eab00000, 0x00000007ec980000, 0x0000000800000000)
  eden space 19968K, 100% used [0x00000007eab00000,0x00000007ebe80000,0x00000007ebe80000)
  from space 3584K, 99% used [0x00000007ebe80000,0x00000007ec1fedb0,0x00000007ec200000)
  to   space 5120K, 0% used [0x00000007ec480000,0x00000007ec480000,0x00000007ec980000)
 ParOldGen       total 204288K, used 196620K [0x00000007c0000000, 0x00000007cc780000, 0x00000007eab00000)
  object space 204288K, 96% used [0x00000007c0000000,0x00000007cc0030b0,0x00000007cc780000)
 Metaspace       used 86215K, committed 87488K, reserved 1179648K
  class space    used 8001K, committed 8640K, reserved 1048576K
}
Event: 38942.925 GC heap after
{Heap after GC invocations=53719 (full 1307):
 PSYoungGen      total 25088K, used 5114K [0x00000007eab00000, 0x00000007ecb00000, 0x0000000800000000)
  eden space 19968K, 0% used [0x00000007eab00000,0x00000007eab00000,0x00000007ebe80000)
  from space 5120K, 99% used [0x00000007ec480000,0x00000007ec97ebf8,0x00000007ec980000)
  to   space 6144K, 0% used [0x00000007ebe80000,0x00000007ebe80000,0x00000007ec480000)
 ParOldGen       total 204288K, used 196941K [0x00000007c0000000, 0x00000007cc780000, 0x00000007eab00000)
  object space 204288K, 96% used [0x00000007c0000000,0x00000007cc053420,0x00000007cc780000)
 Metaspace       used 86215K, committed 87488K, reserved 1179648K
  class space    used 8001K, committed 8640K, reserved 1048576K
}
Event: 38942.971 GC heap before
{Heap before GC invocations=53720 (full 1307):
 PSYoungGen      total 25088K, used 25082K [0x00000007eab00000, 0x00000007ecb00000, 0x0000000800000000)
  eden space 19968K, 100% used [0x00000007eab00000,0x00000007ebe80000,0x00000007ebe80000)
  from space 5120K, 99% used [0x00000007ec480000,0x00000007ec97ebf8,0x00000007ec980000)
  to   space 6144K, 0% used [0x00000007ebe80000,0x00000007ebe80000,0x00000007ec480000)
 ParOldGen       total 204288K, used 196941K [0x00000007c0000000, 0x00000007cc780000, 0x00000007eab00000)
  object space 204288K, 96% used [0x00000007c0000000,0x00000007cc053420,0x00000007cc780000)
 Metaspace       used 86215K, committed 87488K, reserved 1179648K
  class space    used 8001K, committed 8640K, reserved 1048576K
}
Event: 38942.973 GC heap after
{Heap after GC invocations=53720 (full 1307):
 PSYoungGen      total 24064K, used 3961K [0x00000007eab00000, 0x00000007ec880000, 0x0000000800000000)
  eden space 19968K, 0% used [0x00000007eab00000,0x00000007eab00000,0x00000007ebe80000)
  from space 4096K, 96% used [0x00000007ebe80000,0x00000007ec25e688,0x00000007ec280000)
  to   space 4608K, 0% used [0x00000007ec400000,0x00000007ec400000,0x00000007ec880000)
 ParOldGen       total 204288K, used 197895K [0x00000007c0000000, 0x00000007cc780000, 0x00000007eab00000)
  object space 204288K, 96% used [0x00000007c0000000,0x00000007cc141e90,0x00000007cc780000)
 Metaspace       used 86215K, committed 87488K, reserved 1179648K
  class space    used 8001K, committed 8640K, reserved 1048576K
}
Event: 38943.855 GC heap before
{Heap before GC invocations=53721 (full 1307):
 PSYoungGen      total 24064K, used 23929K [0x00000007eab00000, 0x00000007ec880000, 0x0000000800000000)
  eden space 19968K, 100% used [0x00000007eab00000,0x00000007ebe80000,0x00000007ebe80000)
  from space 4096K, 96% used [0x00000007ebe80000,0x00000007ec25e688,0x00000007ec280000)
  to   space 4608K, 0% used [0x00000007ec400000,0x00000007ec400000,0x00000007ec880000)
 ParOldGen       total 204288K, used 197895K [0x00000007c0000000, 0x00000007cc780000, 0x00000007eab00000)
  object space 204288K, 96% used [0x00000007c0000000,0x00000007cc141e90,0x00000007cc780000)
 Metaspace       used 86215K, committed 87488K, reserved 1179648K
  class space    used 8001K, committed 8640K, reserved 1048576K
}
Event: 38943.858 GC heap after
{Heap after GC invocations=53721 (full 1307):
 PSYoungGen      total 25088K, used 4555K [0x00000007eab00000, 0x00000007ec900000, 0x0000000800000000)
  eden space 20480K, 0% used [0x00000007eab00000,0x00000007eab00000,0x00000007ebf00000)
  from space 4608K, 98% used [0x00000007ec400000,0x00000007ec872dc0,0x00000007ec880000)
  to   space 5120K, 0% used [0x00000007ebf00000,0x00000007ebf00000,0x00000007ec400000)
 ParOldGen       total 204288K, used 197895K [0x00000007c0000000, 0x00000007cc780000, 0x00000007eab00000)
  object space 204288K, 96% used [0x00000007c0000000,0x00000007cc141e90,0x00000007cc780000)
 Metaspace       used 86215K, committed 87488K, reserved 1179648K
  class space    used 8001K, committed 8640K, reserved 1048576K
}
Event: 38944.039 GC heap before
{Heap before GC invocations=53722 (full 1307):
 PSYoungGen      total 25088K, used 25035K [0x00000007eab00000, 0x00000007ec900000, 0x0000000800000000)
  eden space 20480K, 100% used [0x00000007eab00000,0x00000007ebf00000,0x00000007ebf00000)
  from space 4608K, 98% used [0x00000007ec400000,0x00000007ec872dc0,0x00000007ec880000)
  to   space 5120K, 0% used [0x00000007ebf00000,0x00000007ebf00000,0x00000007ec400000)
 ParOldGen       total 204288K, used 197895K [0x00000007c0000000, 0x00000007cc780000, 0x00000007eab00000)
  object space 204288K, 96% used [0x00000007c0000000,0x00000007cc141e90,0x00000007cc780000)
 Metaspace       used 86215K, committed 87488K, reserved 1179648K
  class space    used 8001K, committed 8640K, reserved 1048576K
}
Event: 38944.042 GC heap after
{Heap after GC invocations=53722 (full 1307):
 PSYoungGen      total 25600K, used 5115K [0x00000007eab00000, 0x00000007eca80000, 0x0000000800000000)
  eden space 20480K, 0% used [0x00000007eab00000,0x00000007eab00000,0x00000007ebf00000)
  from space 5120K, 99% used [0x00000007ebf00000,0x00000007ec3fedb0,0x00000007ec400000)
  to   space 5632K, 0% used [0x00000007ec500000,0x00000007ec500000,0x00000007eca80000)
 ParOldGen       total 204288K, used 198167K [0x00000007c0000000, 0x00000007cc780000, 0x00000007eab00000)
  object space 204288K, 97% used [0x00000007c0000000,0x00000007cc185eb0,0x00000007cc780000)
 Metaspace       used 86215K, committed 87488K, reserved 1179648K
  class space    used 8001K, committed 8640K, reserved 1048576K
}
Event: 38944.858 GC heap before
{Heap before GC invocations=53723 (full 1307):
 PSYoungGen      total 25600K, used 25591K [0x00000007eab00000, 0x00000007eca80000, 0x0000000800000000)
  eden space 20480K, 99% used [0x00000007eab00000,0x00000007ebeff240,0x00000007ebf00000)
  from space 5120K, 99% used [0x00000007ebf00000,0x00000007ec3fedb0,0x00000007ec400000)
  to   space 5632K, 0% used [0x00000007ec500000,0x00000007ec500000,0x00000007eca80000)
 ParOldGen       total 204288K, used 198167K [0x00000007c0000000, 0x00000007cc780000, 0x00000007eab00000)
  object space 204288K, 97% used [0x00000007c0000000,0x00000007cc185eb0,0x00000007cc780000)
 Metaspace       used 86215K, committed 87488K, reserved 1179648K
  class space    used 8001K, committed 8640K, reserved 1048576K
}
Event: 38944.861 GC heap after
{Heap after GC invocations=53723 (full 1307):
 PSYoungGen      total 24064K, used 5622K [0x00000007eab00000, 0x00000007ecf80000, 0x0000000800000000)
  eden space 18432K, 0% used [0x00000007eab00000,0x00000007eab00000,0x00000007ebd00000)
  from space 5632K, 99% used [0x00000007ec500000,0x00000007eca7d960,0x00000007eca80000)
  to   space 8192K, 0% used [0x00000007ebd00000,0x00000007ebd00000,0x00000007ec500000)
 ParOldGen       total 204288K, used 200147K [0x00000007c0000000, 0x00000007cc780000, 0x00000007eab00000)
  object space 204288K, 97% used [0x00000007c0000000,0x00000007cc374e40,0x00000007cc780000)
 Metaspace       used 86215K, committed 87488K, reserved 1179648K
  class space    used 8001K, committed 8640K, reserved 1048576K
}
Event: 38944.879 GC heap before
{Heap before GC invocations=53724 (full 1307):
 PSYoungGen      total 24064K, used 24054K [0x00000007eab00000, 0x00000007ecf80000, 0x0000000800000000)
  eden space 18432K, 100% used [0x00000007eab00000,0x00000007ebd00000,0x00000007ebd00000)
  from space 5632K, 99% used [0x00000007ec500000,0x00000007eca7d960,0x00000007eca80000)
  to   space 8192K, 0% used [0x00000007ebd00000,0x00000007ebd00000,0x00000007ec500000)
 ParOldGen       total 204288K, used 200147K [0x00000007c0000000, 0x00000007cc780000, 0x00000007eab00000)
  object space 204288K, 97% used [0x00000007c0000000,0x00000007cc374e40,0x00000007cc780000)
 Metaspace       used 86215K, committed 87488K, reserved 1179648K
  class space    used 8001K, committed 8640K, reserved 1048576K
}
Event: 38944.881 GC heap after
{Heap after GC invocations=53724 (full 1307):
 PSYoungGen      total 22016K, used 3192K [0x00000007eab00000, 0x00000007ec800000, 0x0000000800000000)
  eden space 18432K, 0% used [0x00000007eab00000,0x00000007eab00000,0x00000007ebd00000)
  from space 3584K, 89% used [0x00000007ebd00000,0x00000007ec01e218,0x00000007ec080000)
  to   space 5120K, 0% used [0x00000007ec300000,0x00000007ec300000,0x00000007ec800000)
 ParOldGen       total 204288K, used 201340K [0x00000007c0000000, 0x00000007cc780000, 0x00000007eab00000)
  object space 204288K, 98% used [0x00000007c0000000,0x00000007cc49f160,0x00000007cc780000)
 Metaspace       used 86215K, committed 87488K, reserved 1179648K
  class space    used 8001K, committed 8640K, reserved 1048576K
}
Event: 38944.896 GC heap before
{Heap before GC invocations=53725 (full 1307):
 PSYoungGen      total 22016K, used 21001K [0x00000007eab00000, 0x00000007ec800000, 0x0000000800000000)
  eden space 18432K, 96% used [0x00000007eab00000,0x00000007ebc64330,0x00000007ebd00000)
  from space 3584K, 89% used [0x00000007ebd00000,0x00000007ec01e218,0x00000007ec080000)
  to   space 5120K, 0% used [0x00000007ec300000,0x00000007ec300000,0x00000007ec800000)
 ParOldGen       total 204288K, used 201340K [0x00000007c0000000, 0x00000007cc780000, 0x00000007eab00000)
  object space 204288K, 98% used [0x00000007c0000000,0x00000007cc49f160,0x00000007cc780000)
 Metaspace       used 86215K, committed 87488K, reserved 1179648K
  class space    used 8001K, committed 8640K, reserved 1048576K
}
Event: 38944.898 GC heap after
{Heap after GC invocations=53725 (full 1307):
 PSYoungGen      total 24064K, used 5062K [0x00000007eab00000, 0x00000007ec900000, 0x0000000800000000)
  eden space 18944K, 0% used [0x00000007eab00000,0x00000007eab00000,0x00000007ebd80000)
  from space 5120K, 98% used [0x00000007ec300000,0x00000007ec7f1a60,0x00000007ec800000)
  to   space 5632K, 0% used [0x00000007ebd80000,0x00000007ebd80000,0x00000007ec300000)
 ParOldGen       total 204288K, used 201512K [0x00000007c0000000, 0x00000007cc780000, 0x00000007eab00000)
  object space 204288K, 98% used [0x00000007c0000000,0x00000007cc4ca178,0x00000007cc780000)
 Metaspace       used 86215K, committed 87488K, reserved 1179648K
  class space    used 8001K, committed 8640K, reserved 1048576K
}
Event: 38945.979 GC heap before
{Heap before GC invocations=53726 (full 1307):
 PSYoungGen      total 24064K, used 24006K [0x00000007eab00000, 0x00000007ec900000, 0x0000000800000000)
  eden space 18944K, 99% used [0x00000007eab00000,0x00000007ebd7ffa8,0x00000007ebd80000)
  from space 5120K, 98% used [0x00000007ec300000,0x00000007ec7f1a60,0x00000007ec800000)
  to   space 5632K, 0% used [0x00000007ebd80000,0x00000007ebd80000,0x00000007ec300000)
 ParOldGen       total 204288K, used 201512K [0x00000007c0000000, 0x00000007cc780000, 0x00000007eab00000)
  object space 204288K, 98% used [0x00000007c0000000,0x00000007cc4ca178,0x00000007cc780000)
 Metaspace       used 86215K, committed 87488K, reserved 1179648K
  class space    used 8001K, committed 8640K, reserved 1048576K
}

Dll operation events (20 events):
Event: 2.488 Loading shared library /System/Library/Java/Extensions/libunixfile_1_0_0.jnilib failed, dlopen(/System/Library/Java/Extensions/libunixfile_1_0_0.jnilib, 0x0001): tried: '/System/Library/Java/Extensions/libunixfile_1_0_0.jnilib' (no such file)
Event: 2.488 Loading shared library /usr/lib/java/libunixfile_1_0_0.dylib failed, dlopen(/usr/lib/java/libunixfile_1_0_0.dylib, 0x0001): tried: '/usr/lib/java/libunixfile_1_0_0.dylib' (no such file)
Event: 2.488 Loading shared library /usr/lib/java/libunixfile_1_0_0.jnilib failed, dlopen(/usr/lib/java/libunixfile_1_0_0.jnilib, 0x0001): tried: '/usr/lib/java/libunixfile_1_0_0.jnilib' (no such file)
Event: 2.488 Loading shared library /Users/Sooraj/Documents/Programming/college/CS400/Project3_BI_blue/libunixfile_1_0_0.dylib failed, dlopen(/Users/Sooraj/Documents/Programming/college/CS400/Project3_BI_blue/libunixfile_1_0_0.dylib, 0x0001): tried: '/Users/Sooraj/Doc
Event: 2.489 Loading shared library /Users/Sooraj/Documents/Programming/college/CS400/Project3_BI_blue/libunixfile_1_0_0.jnilib failed, dlopen(/Users/Sooraj/Documents/Programming/college/CS400/Project3_BI_blue/libunixfile_1_0_0.jnilib, 0x0001): tried: '/Users/Sooraj/D
Event: 2.492 Loading shared library /Library/Java/JavaVirtualMachines/jdk-20.jdk/Contents/Home/lib/liblocalfile_1_0_0.dylib failed, dlopen(/Library/Java/JavaVirtualMachines/jdk-20.jdk/Contents/Home/lib/liblocalfile_1_0_0.dylib, 0x0001): tried: '/Library/Java/JavaVirtu
Event: 2.492 Loading shared library /Library/Java/JavaVirtualMachines/jdk-20.jdk/Contents/Home/lib/liblocalfile_1_0_0.jnilib failed, dlopen(/Library/Java/JavaVirtualMachines/jdk-20.jdk/Contents/Home/lib/liblocalfile_1_0_0.jnilib, 0x0001): tried: '/Library/Java/JavaVir
Event: 2.492 Loading shared library /Users/Sooraj/Library/Java/Extensions/liblocalfile_1_0_0.dylib failed, dlopen(/Users/Sooraj/Library/Java/Extensions/liblocalfile_1_0_0.dylib, 0x0001): tried: '/Users/Sooraj/Library/Java/Extensions/liblocalfile_1_0_0.dylib' (no such 
Event: 2.493 Loading shared library /Users/Sooraj/Library/Java/Extensions/liblocalfile_1_0_0.jnilib failed, dlopen(/Users/Sooraj/Library/Java/Extensions/liblocalfile_1_0_0.jnilib, 0x0001): tried: '/Users/Sooraj/Library/Java/Extensions/liblocalfile_1_0_0.jnilib' (no su
Event: 2.493 Loading shared library /Library/Java/Extensions/liblocalfile_1_0_0.dylib failed, dlopen(/Library/Java/Extensions/liblocalfile_1_0_0.dylib, 0x0001): tried: '/Library/Java/Extensions/liblocalfile_1_0_0.dylib' (no such file)
Event: 2.493 Loading shared library /Library/Java/Extensions/liblocalfile_1_0_0.jnilib failed, dlopen(/Library/Java/Extensions/liblocalfile_1_0_0.jnilib, 0x0001): tried: '/Library/Java/Extensions/liblocalfile_1_0_0.jnilib' (no such file)
Event: 2.493 Loading shared library /Network/Library/Java/Extensions/liblocalfile_1_0_0.dylib failed, dlopen(/Network/Library/Java/Extensions/liblocalfile_1_0_0.dylib, 0x0001): tried: '/Network/Library/Java/Extensions/liblocalfile_1_0_0.dylib' (no such file)
Event: 2.493 Loading shared library /Network/Library/Java/Extensions/liblocalfile_1_0_0.jnilib failed, dlopen(/Network/Library/Java/Extensions/liblocalfile_1_0_0.jnilib, 0x0001): tried: '/Network/Library/Java/Extensions/liblocalfile_1_0_0.jnilib' (no such file)
Event: 2.494 Loading shared library /System/Library/Java/Extensions/liblocalfile_1_0_0.dylib failed, dlopen(/System/Library/Java/Extensions/liblocalfile_1_0_0.dylib, 0x0001): tried: '/System/Library/Java/Extensions/liblocalfile_1_0_0.dylib' (no such file)
Event: 2.494 Loading shared library /System/Library/Java/Extensions/liblocalfile_1_0_0.jnilib failed, dlopen(/System/Library/Java/Extensions/liblocalfile_1_0_0.jnilib, 0x0001): tried: '/System/Library/Java/Extensions/liblocalfile_1_0_0.jnilib' (no such file)
Event: 2.494 Loading shared library /usr/lib/java/liblocalfile_1_0_0.dylib failed, dlopen(/usr/lib/java/liblocalfile_1_0_0.dylib, 0x0001): tried: '/usr/lib/java/liblocalfile_1_0_0.dylib' (no such file)
Event: 2.494 Loading shared library /usr/lib/java/liblocalfile_1_0_0.jnilib failed, dlopen(/usr/lib/java/liblocalfile_1_0_0.jnilib, 0x0001): tried: '/usr/lib/java/liblocalfile_1_0_0.jnilib' (no such file)
Event: 2.494 Loading shared library /Users/Sooraj/Documents/Programming/college/CS400/Project3_BI_blue/liblocalfile_1_0_0.dylib failed, dlopen(/Users/Sooraj/Documents/Programming/college/CS400/Project3_BI_blue/liblocalfile_1_0_0.dylib, 0x0001): tried: '/Users/Sooraj/D
Event: 2.495 Loading shared library /Users/Sooraj/Documents/Programming/college/CS400/Project3_BI_blue/liblocalfile_1_0_0.jnilib failed, dlopen(/Users/Sooraj/Documents/Programming/college/CS400/Project3_BI_blue/liblocalfile_1_0_0.jnilib, 0x0001): tried: '/Users/Sooraj
Event: 5.649 Loaded shared library /Library/Java/JavaVirtualMachines/jdk-20.jdk/Contents/Home/lib/libextnet.dylib

Deoptimization events (20 events):
Event: 38732.293 Thread 0x00007f9e3e051600 DEOPT PACKING pc=0x000000011b25ae68 sp=0x000070000e23b730
Event: 38732.293 Thread 0x00007f9e3e051600 DEOPT UNPACKING pc=0x0000000119819599 sp=0x000070000e23b6e8 mode 2
Event: 38773.622 Thread 0x00007f9e3f406000 Uncommon trap: trap_request=0xffffffde fr.pc=0x000000011ae65ea8 relative=0x0000000000002e48
Event: 38773.622 Thread 0x00007f9e3f406000 Uncommon trap: reason=class_check action=maybe_recompile pc=0x000000011ae65ea8 method=org.eclipse.jdt.internal.compiler.ast.MessageSend.resolveType(Lorg/eclipse/jdt/internal/compiler/lookup/BlockScope;)Lorg/eclipse/jdt/internal/compiler/lookup/TypeBinding
Event: 38773.622 Thread 0x00007f9e3f406000 DEOPT PACKING pc=0x000000011ae65ea8 sp=0x000070000e33f050
Event: 38773.622 Thread 0x00007f9e3f406000 DEOPT UNPACKING pc=0x0000000119819599 sp=0x000070000e33f038 mode 2
Event: 38773.813 Thread 0x00007f9e4b3d9e00 Uncommon trap: trap_request=0xffffffde fr.pc=0x000000011ae65ea8 relative=0x0000000000002e48
Event: 38773.813 Thread 0x00007f9e4b3d9e00 Uncommon trap: reason=class_check action=maybe_recompile pc=0x000000011ae65ea8 method=org.eclipse.jdt.internal.compiler.ast.MessageSend.resolveType(Lorg/eclipse/jdt/internal/compiler/lookup/BlockScope;)Lorg/eclipse/jdt/internal/compiler/lookup/TypeBinding
Event: 38773.813 Thread 0x00007f9e4b3d9e00 DEOPT PACKING pc=0x000000011ae65ea8 sp=0x000070000ec5a020
Event: 38773.813 Thread 0x00007f9e4b3d9e00 DEOPT UNPACKING pc=0x0000000119819599 sp=0x000070000ec5a008 mode 2
Event: 38774.088 Thread 0x00007f9e3f406000 Uncommon trap: trap_request=0xffffff45 fr.pc=0x000000011aec48e8 relative=0x0000000000002088
Event: 38774.088 Thread 0x00007f9e3f406000 Uncommon trap: reason=unstable_if action=reinterpret pc=0x000000011aec48e8 method=org.eclipse.jdt.internal.codeassist.complete.CompletionParser.consumeToken(I)V @ 1223 c2
Event: 38774.088 Thread 0x00007f9e3f406000 DEOPT PACKING pc=0x000000011aec48e8 sp=0x000070000e33ea70
Event: 38774.088 Thread 0x00007f9e3f406000 DEOPT UNPACKING pc=0x0000000119819599 sp=0x000070000e33ea18 mode 2
Event: 38774.091 Thread 0x00007f9e3f406000 Uncommon trap: trap_request=0xffffff45 fr.pc=0x000000011b303c9c relative=0x000000000000071c
Event: 38774.091 Thread 0x00007f9e3f406000 Uncommon trap: reason=unstable_if action=reinterpret pc=0x000000011b303c9c method=org.eclipse.jdt.internal.codeassist.select.SelectionParser.classInstanceCreation(Z)V @ 60 c2
Event: 38774.091 Thread 0x00007f9e3f406000 DEOPT PACKING pc=0x000000011b303c9c sp=0x000070000e33ee70
Event: 38774.091 Thread 0x00007f9e3f406000 DEOPT UNPACKING pc=0x0000000119819599 sp=0x000070000e33ee18 mode 2
Event: 38812.279 Thread 0x00007f9e400cf000 DEOPT PACKING pc=0x00000001125fc811 sp=0x000070000e036450
Event: 38812.279 Thread 0x00007f9e400cf000 DEOPT UNPACKING pc=0x0000000119819d2f sp=0x000070000e035828 mode 0

Classes loaded (20 events):
Event: 17819.399 Loading class sun/security/ssl/SSLEngineOutputRecord
Event: 17819.399 Loading class sun/security/ssl/SSLEngineOutputRecord done
Event: 17819.401 Loading class sun/security/ssl/SSLEngineOutputRecord$HandshakeFragment
Event: 17819.401 Loading class sun/security/ssl/SSLEngineOutputRecord$HandshakeFragment done
Event: 17819.401 Loading class sun/security/ssl/SSLEngineOutputRecord$HandshakeMemo
Event: 17819.401 Loading class sun/security/ssl/SSLEngineOutputRecord$RecordMemo
Event: 17819.401 Loading class sun/security/ssl/SSLEngineOutputRecord$RecordMemo done
Event: 17819.401 Loading class sun/security/ssl/SSLEngineOutputRecord$HandshakeMemo done
Event: 17819.411 Loading class sun/security/ssl/PreSharedKeyExtension$SHPreSharedKeySpec
Event: 17819.411 Loading class sun/security/ssl/PreSharedKeyExtension$SHPreSharedKeySpec done
Event: 17819.520 Loading class sun/net/www/http/KeepAliveCleanerEntry
Event: 17819.522 Loading class sun/net/www/http/KeepAliveCleanerEntry done
Event: 17819.522 Loading class sun/net/www/http/KeepAliveStream$1
Event: 17819.523 Loading class sun/net/www/http/KeepAliveStream$1 done
Event: 17819.523 Loading class sun/net/www/http/ChunkedInputStream
Event: 17819.523 Loading class sun/net/www/http/ChunkedInputStream done
Event: 23816.117 Loading class java/lang/Class$EnclosingMethodInfo
Event: 23816.119 Loading class java/lang/Class$EnclosingMethodInfo done
Event: 24457.371 Loading class java/lang/StringLatin1$LinesSpliterator
Event: 24457.372 Loading class java/lang/StringLatin1$LinesSpliterator done

Classes unloaded (20 events):
Event: 34711.854 Thread 0x00007f9e3cf1a480 Unloading class 0x000000080185ac00 'java/lang/invoke/LambdaForm$MH+0x000000080185ac00'
Event: 34711.854 Thread 0x00007f9e3cf1a480 Unloading class 0x0000000801842000 'jdk/internal/reflect/GeneratedSerializationConstructorAccessor21'
Event: 34711.854 Thread 0x00007f9e3cf1a480 Unloading class 0x000000080185b800 'jdk/internal/reflect/GeneratedSerializationConstructorAccessor20'
Event: 34711.854 Thread 0x00007f9e3cf1a480 Unloading class 0x000000080164c000 'jdk/internal/reflect/GeneratedSerializationConstructorAccessor19'
Event: 37945.154 Thread 0x00007f9e3cf1a480 Unloading class 0x000000080185ac00 'java/lang/invoke/LambdaForm$MH+0x000000080185ac00'
Event: 37945.154 Thread 0x00007f9e3cf1a480 Unloading class 0x000000080185a800 'java/lang/invoke/LambdaForm$MH+0x000000080185a800'
Event: 37945.154 Thread 0x00007f9e3cf1a480 Unloading class 0x0000000801000400 'java/lang/invoke/LambdaForm$MH+0x0000000801000400'
Event: 37945.154 Thread 0x00007f9e3cf1a480 Unloading class 0x000000080164c000 'jdk/internal/reflect/GeneratedSerializationConstructorAccessor24'
Event: 37945.154 Thread 0x00007f9e3cf1a480 Unloading class 0x000000080185b800 'jdk/internal/reflect/GeneratedSerializationConstructorAccessor23'
Event: 37945.154 Thread 0x00007f9e3cf1a480 Unloading class 0x0000000801842000 'jdk/internal/reflect/GeneratedSerializationConstructorAccessor22'
Event: 37945.154 Thread 0x00007f9e3cf1a480 Unloading class 0x000000080185d000 'java/lang/invoke/LambdaForm$DMH+0x000000080185d000'
Event: 37945.154 Thread 0x00007f9e3cf1a480 Unloading class 0x00000008011e1000 'java/lang/invoke/LambdaForm$MH+0x00000008011e1000'
Event: 37945.154 Thread 0x00007f9e3cf1a480 Unloading class 0x0000000801861000 'java/lang/invoke/LambdaForm$MH+0x0000000801861000'
Event: 37945.154 Thread 0x00007f9e3cf1a480 Unloading class 0x000000080185d800 'java/lang/invoke/LambdaForm$MH+0x000000080185d800'
Event: 37945.154 Thread 0x00007f9e3cf1a480 Unloading class 0x0000000801121c00 'java/lang/invoke/LambdaForm$MH+0x0000000801121c00'
Event: 37945.154 Thread 0x00007f9e3cf1a480 Unloading class 0x00000008017b9c00 'java/lang/invoke/LambdaForm$MH+0x00000008017b9c00'
Event: 37945.154 Thread 0x00007f9e3cf1a480 Unloading class 0x000000080172d800 'java/lang/invoke/LambdaForm$MH+0x000000080172d800'
Event: 38928.020 Thread 0x00007f9e3cf1a480 Unloading class 0x000000080172d800 'java/lang/invoke/LambdaForm$MH+0x000000080172d800'
Event: 38928.020 Thread 0x00007f9e3cf1a480 Unloading class 0x00000008017b9c00 'java/lang/invoke/LambdaForm$MH+0x00000008017b9c00'
Event: 38928.020 Thread 0x00007f9e3cf1a480 Unloading class 0x000000080164c000 'java/lang/invoke/LambdaForm$BMH+0x000000080164c000'

Classes redefined (0 events):
No events

Internal exceptions (20 events):
Event: 38732.406 Thread 0x00007f9e4b057c00 Exception <a 'java/lang/ClassNotFoundException'{0x00000007eace7e70}: sun/net/www/protocol/jdt/Handler> (0x00000007eace7e70) 
thrown [open/src/hotspot/share/classfile/systemDictionary.cpp, line 305]
Event: 38733.146 Thread 0x00007f9e4b057c00 Exception <a 'java/lang/ClassNotFoundException'{0x00000007eab86518}: sun/net/www/protocol/jdt/Handler> (0x00000007eab86518) 
thrown [open/src/hotspot/share/classfile/systemDictionary.cpp, line 305]
Event: 38734.527 Thread 0x00007f9e400cf000 Exception <a 'sun/nio/fs/UnixException'{0x00000007eaddf8f0}> (0x00000007eaddf8f0) 
thrown [open/src/hotspot/share/prims/jni.cpp, line 519]
Event: 38734.598 Thread 0x00007f9e400cf000 Exception <a 'sun/nio/fs/UnixException'{0x00000007eab0f2e0}> (0x00000007eab0f2e0) 
thrown [open/src/hotspot/share/prims/jni.cpp, line 519]
Event: 38742.727 Thread 0x00007f9e400cf000 Exception <a 'sun/nio/fs/UnixException'{0x00000007eacff770}> (0x00000007eacff770) 
thrown [open/src/hotspot/share/prims/jni.cpp, line 519]
Event: 38742.908 Thread 0x00007f9e400cf000 Exception <a 'sun/nio/fs/UnixException'{0x00000007eac39520}> (0x00000007eac39520) 
thrown [open/src/hotspot/share/prims/jni.cpp, line 519]
Event: 38746.199 Thread 0x00007f9e400cf000 Exception <a 'sun/nio/fs/UnixException'{0x00000007eaf03290}> (0x00000007eaf03290) 
thrown [open/src/hotspot/share/prims/jni.cpp, line 519]
Event: 38746.383 Thread 0x00007f9e400cf000 Exception <a 'sun/nio/fs/UnixException'{0x00000007eacef538}> (0x00000007eacef538) 
thrown [open/src/hotspot/share/prims/jni.cpp, line 519]
Event: 38771.632 Thread 0x00007f9e3f406000 Exception <a 'java/lang/ClassNotFoundException'{0x00000007eaccdee0}: sun/net/www/protocol/jdt/Handler> (0x00000007eaccdee0) 
thrown [open/src/hotspot/share/classfile/systemDictionary.cpp, line 305]
Event: 38771.632 Thread 0x00007f9e3f406000 Exception <a 'java/lang/ClassNotFoundException'{0x00000007eacd0598}: sun/net/www/protocol/jdt/Handler> (0x00000007eacd0598) 
thrown [open/src/hotspot/share/classfile/systemDictionary.cpp, line 305]
Event: 38777.498 Thread 0x00007f9e400cf000 Exception <a 'sun/nio/fs/UnixException'{0x00000007ead5cba0}> (0x00000007ead5cba0) 
thrown [open/src/hotspot/share/prims/jni.cpp, line 519]
Event: 38777.554 Thread 0x00007f9e400cf000 Exception <a 'sun/nio/fs/UnixException'{0x00000007eaf551e8}> (0x00000007eaf551e8) 
thrown [open/src/hotspot/share/prims/jni.cpp, line 519]
Event: 38787.444 Thread 0x00007f9e2ce82c00 Exception <a 'java/lang/ClassNotFoundException'{0x00000007eaccdee0}: sun/net/www/protocol/jdt/Handler> (0x00000007eaccdee0) 
thrown [open/src/hotspot/share/classfile/systemDictionary.cpp, line 305]
Event: 38787.444 Thread 0x00007f9e2ce82c00 Exception <a 'java/lang/ClassNotFoundException'{0x00000007eacd0598}: sun/net/www/protocol/jdt/Handler> (0x00000007eacd0598) 
thrown [open/src/hotspot/share/classfile/systemDictionary.cpp, line 305]
Event: 38808.744 Thread 0x00007f9e400cf000 Exception <a 'sun/nio/fs/UnixException'{0x00000007eac5b3d8}> (0x00000007eac5b3d8) 
thrown [open/src/hotspot/share/prims/jni.cpp, line 519]
Event: 38808.806 Thread 0x00007f9e400cf000 Exception <a 'sun/nio/fs/UnixException'{0x00000007eab4c7a0}> (0x00000007eab4c7a0) 
thrown [open/src/hotspot/share/prims/jni.cpp, line 519]
Event: 38811.711 Thread 0x00007f9e400cf000 Exception <a 'sun/nio/fs/UnixException'{0x00000007eadfe3f8}> (0x00000007eadfe3f8) 
thrown [open/src/hotspot/share/prims/jni.cpp, line 519]
Event: 38811.774 Thread 0x00007f9e400cf000 Exception <a 'sun/nio/fs/UnixException'{0x00000007eabad8d8}> (0x00000007eabad8d8) 
thrown [open/src/hotspot/share/prims/jni.cpp, line 519]
Event: 38928.393 Thread 0x00007f9e3eedf600 Exception <a 'java/lang/ClassNotFoundException'{0x00000007eb2c16f0}: sun/net/www/protocol/jdt/Handler> (0x00000007eb2c16f0) 
thrown [open/src/hotspot/share/classfile/systemDictionary.cpp, line 305]
Event: 38928.393 Thread 0x00007f9e3eedf600 Exception <a 'java/lang/ClassNotFoundException'{0x00000007eb2c9400}: sun/net/www/protocol/jdt/Handler> (0x00000007eb2c9400) 
thrown [open/src/hotspot/share/classfile/systemDictionary.cpp, line 305]

VM Operations (20 events):
Event: 38941.638 Executing VM operation: ParallelGCFailedAllocation done
Event: 38941.977 Executing VM operation: ParallelGCFailedAllocation
Event: 38941.980 Executing VM operation: ParallelGCFailedAllocation done
Event: 38942.475 Executing VM operation: ParallelGCFailedAllocation
Event: 38942.478 Executing VM operation: ParallelGCFailedAllocation done
Event: 38942.921 Executing VM operation: ParallelGCFailedAllocation
Event: 38942.926 Executing VM operation: ParallelGCFailedAllocation done
Event: 38942.971 Executing VM operation: ParallelGCFailedAllocation
Event: 38942.973 Executing VM operation: ParallelGCFailedAllocation done
Event: 38943.855 Executing VM operation: ParallelGCFailedAllocation
Event: 38943.858 Executing VM operation: ParallelGCFailedAllocation done
Event: 38944.039 Executing VM operation: ParallelGCFailedAllocation
Event: 38944.042 Executing VM operation: ParallelGCFailedAllocation done
Event: 38944.858 Executing VM operation: ParallelGCFailedAllocation
Event: 38944.862 Executing VM operation: ParallelGCFailedAllocation done
Event: 38944.878 Executing VM operation: ParallelGCFailedAllocation
Event: 38944.881 Executing VM operation: ParallelGCFailedAllocation done
Event: 38944.896 Executing VM operation: ParallelGCFailedAllocation
Event: 38944.898 Executing VM operation: ParallelGCFailedAllocation done
Event: 38945.979 Executing VM operation: ParallelGCFailedAllocation

Events (20 events):
Event: 38871.871 Thread 0x00007f9e3c38e400 Thread exited: 0x00007f9e3c38e400
Event: 38872.283 Protecting memory [0x000070000ec5e000,0x000070000ec62000] with protection modes 3
Event: 38872.283 Thread 0x00007f9e46a54e00 Thread exited: 0x00007f9e46a54e00
Event: 38880.239 Protecting memory [0x000070000e64c000,0x000070000e650000] with protection modes 3
Event: 38880.239 Thread 0x00007f9e2ce82c00 Thread exited: 0x00007f9e2ce82c00
Event: 38928.070 Thread 0x00007f9e3cf1a480 flushing nmethod 0x0000000112e77090
Event: 38928.116 Thread 0x00007f9e3e15e000 Thread added: 0x00007f9e3e15e000
Event: 38928.116 Protecting memory [0x000070000dc2e000,0x000070000dc32000] with protection modes 0
Event: 38928.119 Thread 0x00007f9e3c38e400 Thread added: 0x00007f9e3c38e400
Event: 38928.119 Protecting memory [0x000070000e446000,0x000070000e44a000] with protection modes 0
Event: 38928.301 Thread 0x00007f9e3cf1a480 flushing nmethod 0x0000000113b27890
Event: 38928.301 Thread 0x00007f9e3cf1a480 flushing nmethod 0x0000000113883790
Event: 38928.301 Thread 0x00007f9e3cf1a480 flushing nmethod 0x00000001125fc390
Event: 38928.301 Thread 0x00007f9e3cf1a480 flushing nmethod 0x00000001125f1a10
Event: 38928.670 Thread 0x00007f9e4b7a3a00 Thread added: 0x00007f9e4b7a3a00
Event: 38928.670 Protecting memory [0x000070000e64c000,0x000070000e650000] with protection modes 0
Event: 38942.144 Thread 0x00007f9e2c608800 Thread added: 0x00007f9e2c608800
Event: 38942.144 Protecting memory [0x000070000e852000,0x000070000e856000] with protection modes 0
Event: 38942.446 Thread 0x00007f9e4566dc00 Thread added: 0x00007f9e4566dc00
Event: 38942.446 Protecting memory [0x000070000eb5b000,0x000070000eb5f000] with protection modes 0


Dynamic libraries:
0x0000000102e85000 	/Library/Java/JavaVirtualMachines/jdk-20.jdk/Contents/Home/lib/libjli.dylib
0x00007ff80ced8000 	/usr/lib/libz.1.dylib
0x00007ff80cfb8000 	/usr/lib/libSystem.B.dylib
0x00007ff80cfb3000 	/usr/lib/system/libcache.dylib
0x00007ff80cf6f000 	/usr/lib/system/libcommonCrypto.dylib
0x00007ff80cf98000 	/usr/lib/system/libcompiler_rt.dylib
0x00007ff80cf8e000 	/usr/lib/system/libcopyfile.dylib
0x00007ff801f46000 	/usr/lib/system/libcorecrypto.dylib
0x00007ff802004000 	/usr/lib/system/libdispatch.dylib
0x00007ff8021c4000 	/usr/lib/system/libdyld.dylib
0x00007ff80cfaa000 	/usr/lib/system/libkeymgr.dylib
0x00007ff80cf4d000 	/usr/lib/system/libmacho.dylib
0x00007ff80c5ce000 	/usr/lib/system/libquarantine.dylib
0x00007ff80cfa8000 	/usr/lib/system/libremovefile.dylib
0x00007ff807159000 	/usr/lib/system/libsystem_asl.dylib
0x00007ff801eef000 	/usr/lib/system/libsystem_blocks.dylib
0x00007ff802088000 	/usr/lib/system/libsystem_c.dylib
0x00007ff80cfa0000 	/usr/lib/system/libsystem_collections.dylib
0x00007ff80b882000 	/usr/lib/system/libsystem_configuration.dylib
0x00007ff80ab2b000 	/usr/lib/system/libsystem_containermanager.dylib
0x00007ff80cc85000 	/usr/lib/system/libsystem_coreservices.dylib
0x00007ff8047fa000 	/usr/lib/system/libsystem_darwin.dylib
0x00007ff80cfab000 	/usr/lib/system/libsystem_dnssd.dylib
0x00007ff802085000 	/usr/lib/system/libsystem_featureflags.dylib
0x00007ff8021da000 	/usr/lib/system/libsystem_info.dylib
0x00007ff80ceeb000 	/usr/lib/system/libsystem_m.dylib
0x00007ff801fd8000 	/usr/lib/system/libsystem_malloc.dylib
0x00007ff8070f4000 	/usr/lib/system/libsystem_networkextension.dylib
0x00007ff804c20000 	/usr/lib/system/libsystem_notify.dylib
0x00007ff813229000 	/usr/lib/system/libsystem_product_info_filter.dylib
0x00007ff80b886000 	/usr/lib/system/libsystem_sandbox.dylib
0x00007ff80cfa5000 	/usr/lib/system/libsystem_secinit.dylib
0x00007ff802180000 	/usr/lib/system/libsystem_kernel.dylib
0x00007ff8021d0000 	/usr/lib/system/libsystem_platform.dylib
0x00007ff8021b8000 	/usr/lib/system/libsystem_pthread.dylib
0x00007ff8089a7000 	/usr/lib/system/libsystem_symptoms.dylib
0x00007ff801f2d000 	/usr/lib/system/libsystem_trace.dylib
0x00007ff80cf7b000 	/usr/lib/system/libunwind.dylib
0x00007ff801ef1000 	/usr/lib/system/libxpc.dylib
0x00007ff80216a000 	/usr/lib/libc++abi.dylib
0x00007ff80204b000 	/usr/lib/libobjc.A.dylib
0x00007ff80cf86000 	/usr/lib/liboah.dylib
0x00007ff802111000 	/usr/lib/libc++.1.dylib
0x00007ff81902b000 	/System/Library/Frameworks/Cocoa.framework/Versions/A/Cocoa
0x00007ff804c7e000 	/System/Library/Frameworks/AppKit.framework/Versions/C/AppKit
0x00007ff808195000 	/System/Library/Frameworks/CoreData.framework/Versions/A/CoreData
0x00007ff803081000 	/System/Library/Frameworks/Foundation.framework/Versions/C/Foundation
0x00007ff805b0e000 	/System/Library/PrivateFrameworks/UIFoundation.framework/Versions/A/UIFoundation
0x00007ff812f2c000 	/System/Library/PrivateFrameworks/RemoteViewServices.framework/Versions/A/RemoteViewServices
0x00007ff80b20c000 	/System/Library/PrivateFrameworks/XCTTargetBootstrap.framework/Versions/A/XCTTargetBootstrap
0x00007ff80edc2000 	/System/Library/PrivateFrameworks/InternationalSupport.framework/Versions/A/InternationalSupport
0x00007ff80ee4c000 	/System/Library/PrivateFrameworks/UserActivity.framework/Versions/A/UserActivity
0x00007ff80e19f000 	/usr/lib/libspindump.dylib
0x00007ff805d9d000 	/System/Library/Frameworks/UniformTypeIdentifiers.framework/Versions/A/UniformTypeIdentifiers
0x00007ff809930000 	/usr/lib/libapp_launch_measurement.dylib
0x00007ff808b67000 	/System/Library/PrivateFrameworks/CoreAnalytics.framework/Versions/A/CoreAnalytics
0x00007ff809933000 	/System/Library/PrivateFrameworks/CoreAutoLayout.framework/Versions/A/CoreAutoLayout
0x00007ff80ab63000 	/System/Library/Frameworks/Metal.framework/Versions/A/Metal
0x00007ff80b892000 	/usr/lib/liblangid.dylib
0x00007ff80b211000 	/System/Library/PrivateFrameworks/CoreSVG.framework/Versions/A/CoreSVG
0x00007ff807189000 	/System/Library/PrivateFrameworks/SkyLight.framework/Versions/A/SkyLight
0x00007ff807528000 	/System/Library/Frameworks/CoreGraphics.framework/Versions/A/CoreGraphics
0x00007ff8135ec000 	/System/Library/Frameworks/Accelerate.framework/Versions/A/Accelerate
0x00007ff80dc1e000 	/System/Library/PrivateFrameworks/IconServices.framework/Versions/A/IconServices
0x00007ff80ab48000 	/System/Library/Frameworks/IOSurface.framework/Versions/A/IOSurface
0x00007ff808b95000 	/usr/lib/libDiagnosticMessagesClient.dylib
0x00007ff816ccf000 	/System/Library/Frameworks/ApplicationServices.framework/Versions/A/ApplicationServices
0x00007ff80b1f8000 	/System/Library/PrivateFrameworks/DFRFoundation.framework/Versions/A/DFRFoundation
0x00007ff804566000 	/usr/lib/libicucore.A.dylib
0x00007ff80fbb8000 	/System/Library/Frameworks/AudioToolbox.framework/Versions/A/AudioToolbox
0x00007ff80edce000 	/System/Library/PrivateFrameworks/DataDetectorsCore.framework/Versions/A/DataDetectorsCore
0x00007ff90b2cc000 	/System/Library/PrivateFrameworks/TextInput.framework/Versions/A/TextInput
0x00007ff80710c000 	/usr/lib/libMobileGestalt.dylib
0x00007ff80af04000 	/System/Library/Frameworks/Carbon.framework/Versions/A/Frameworks/HIToolbox.framework/Versions/A/HIToolbox
0x00007ff809332000 	/System/Library/Frameworks/QuartzCore.framework/Versions/A/QuartzCore
0x00007ff80420b000 	/System/Library/Frameworks/Security.framework/Versions/A/Security
0x00007ff812f64000 	/System/Library/Frameworks/Carbon.framework/Versions/A/Frameworks/SpeechRecognition.framework/Versions/A/SpeechRecognition
0x00007ff809690000 	/System/Library/PrivateFrameworks/CoreUI.framework/Versions/A/CoreUI
0x00007ff803ad5000 	/System/Library/Frameworks/CoreAudio.framework/Versions/A/CoreAudio
0x00007ff808c84000 	/System/Library/Frameworks/DiskArbitration.framework/Versions/A/DiskArbitration
0x00007ff80e58e000 	/System/Library/PrivateFrameworks/MultitouchSupport.framework/Versions/A/MultitouchSupport
0x00007ff80710b000 	/usr/lib/libenergytrace.dylib
0x00007ff804b6a000 	/System/Library/Frameworks/IOKit.framework/Versions/A/IOKit
0x00007ff813354000 	/System/Library/Frameworks/CoreServices.framework/Versions/A/CoreServices
0x00007ff8098ca000 	/System/Library/PrivateFrameworks/PerformanceAnalysis.framework/Versions/A/PerformanceAnalysis
0x00007ffa1afaa000 	/System/Library/Frameworks/OpenGL.framework/Versions/A/OpenGL
0x00007ff80c4f4000 	/System/Library/PrivateFrameworks/MobileKeyBag.framework/Versions/A/MobileKeyBag
0x00007ff807bf4000 	/System/Library/Frameworks/ColorSync.framework/Versions/A/ColorSync
0x00007ff802205000 	/System/Library/Frameworks/CoreFoundation.framework/Versions/A/CoreFoundation
0x00007ff80b488000 	/System/Library/Frameworks/CoreImage.framework/Versions/A/CoreImage
0x00007ff8038e9000 	/System/Library/Frameworks/CoreText.framework/Versions/A/CoreText
0x00007ff80b241000 	/System/Library/Frameworks/ImageIO.framework/Versions/A/ImageIO
0x00007ff80cfbe000 	/System/Library/PrivateFrameworks/SoftLinking.framework/Versions/A/SoftLinking
0x00007ff80997b000 	/usr/lib/libxml2.2.dylib
0x00007ff80d242000 	/usr/lib/libcompression.dylib
0x00007ff80ecf5000 	/System/Library/PrivateFrameworks/TextureIO.framework/Versions/A/TextureIO
0x00007ff80d930000 	/usr/lib/libate.dylib
0x00007ff80d70c000 	/usr/lib/liblzma.5.dylib
0x00007ff802d93000 	/System/Library/Frameworks/SystemConfiguration.framework/Versions/A/SystemConfiguration
0x00007ff80cfba000 	/usr/lib/libfakelink.dylib
0x00007ff806c64000 	/System/Library/Frameworks/CFNetwork.framework/Versions/A/CFNetwork
0x00007ff80d0fb000 	/usr/lib/libarchive.2.dylib
0x00007ff80b88e000 	/System/Library/PrivateFrameworks/AppleSystemInfo.framework/Versions/A/AppleSystemInfo
0x00007ff80c5f5000 	/usr/lib/libbsm.0.dylib
0x00007ff806273000 	/usr/lib/libnetwork.dylib
0x00007ff80cf53000 	/usr/lib/system/libkxld.dylib
0x00007ff80c228000 	/System/Library/PrivateFrameworks/IOMobileFramebuffer.framework/Versions/A/IOMobileFramebuffer
0x00007ffb1a982000 	/usr/lib/libCoreEntitlements.dylib
0x00007ff80cc67000 	/System/Library/PrivateFrameworks/AppleFSCompression.framework/Versions/A/AppleFSCompression
0x00007ff80c5dd000 	/usr/lib/libcoretls.dylib
0x00007ff80d726000 	/usr/lib/libcoretls_cfhelpers.dylib
0x00007ff80d23d000 	/usr/lib/libpam.2.dylib
0x00007ff8085c6000 	/usr/lib/libsqlite3.dylib
0x00007ff80d795000 	/usr/lib/libxar.1.dylib
0x00007ff80cc77000 	/usr/lib/libbz2.1.0.dylib
0x00007ff80cfbf000 	/usr/lib/libpcap.A.dylib
0x00007ff80899f000 	/usr/lib/libdns_services.dylib
0x00007ff80d20d000 	/usr/lib/libapple_nghttp2.dylib
0x00007ff80cff9000 	/usr/lib/libiconv.2.dylib
0x00007ff80cf4c000 	/usr/lib/libcharset.1.dylib
0x00007ff8098fe000 	/System/Library/Frameworks/CoreServices.framework/Versions/A/Frameworks/FSEvents.framework/Versions/A/FSEvents
0x00007ff804804000 	/System/Library/Frameworks/CoreServices.framework/Versions/A/Frameworks/CarbonCore.framework/Versions/A/CarbonCore
0x00007ff808be8000 	/System/Library/Frameworks/CoreServices.framework/Versions/A/Frameworks/Metadata.framework/Versions/A/Metadata
0x00007ff80cc8a000 	/System/Library/Frameworks/CoreServices.framework/Versions/A/Frameworks/OSServices.framework/Versions/A/OSServices
0x00007ff80d182000 	/System/Library/Frameworks/CoreServices.framework/Versions/A/Frameworks/SearchKit.framework/Versions/A/SearchKit
0x00007ff808931000 	/System/Library/Frameworks/CoreServices.framework/Versions/A/Frameworks/AE.framework/Versions/A/AE
0x00007ff802708000 	/System/Library/Frameworks/CoreServices.framework/Versions/A/Frameworks/LaunchServices.framework/Versions/A/LaunchServices
0x00007ff80d6bd000 	/System/Library/Frameworks/CoreServices.framework/Versions/A/Frameworks/DictionaryServices.framework/Versions/A/DictionaryServices
0x00007ff80990b000 	/System/Library/Frameworks/CoreServices.framework/Versions/A/Frameworks/SharedFileList.framework/Versions/A/SharedFileList
0x00007ff80c5d1000 	/usr/lib/libCheckFix.dylib
0x00007ff807170000 	/System/Library/PrivateFrameworks/TCC.framework/Versions/A/TCC
0x00007ff80b894000 	/System/Library/PrivateFrameworks/CoreNLP.framework/Versions/A/CoreNLP
0x00007ff808b98000 	/System/Library/PrivateFrameworks/MetadataUtilities.framework/Versions/A/MetadataUtilities
0x00007ff802e44000 	/usr/lib/libmecabra.dylib
0x00007ff80c605000 	/usr/lib/libmecab.dylib
0x00007ff802e0f000 	/usr/lib/libCRFSuite.dylib
0x00007ff80c65f000 	/usr/lib/libgermantok.dylib
0x00007ff80d1e8000 	/usr/lib/libThaiTokenizer.dylib
0x00007ff808c8b000 	/System/Library/Frameworks/Accelerate.framework/Versions/A/Frameworks/vImage.framework/Versions/A/vImage
0x00007ff81332b000 	/System/Library/Frameworks/Accelerate.framework/Versions/A/Frameworks/vecLib.framework/Versions/A/vecLib
0x00007ff80d7d6000 	/System/Library/Frameworks/Accelerate.framework/Versions/A/Frameworks/vecLib.framework/Versions/A/libvMisc.dylib
0x00007ff80c053000 	/System/Library/Frameworks/Accelerate.framework/Versions/A/Frameworks/vecLib.framework/Versions/A/libvDSP.dylib
0x00007ff802a83000 	/System/Library/Frameworks/Accelerate.framework/Versions/A/Frameworks/vecLib.framework/Versions/A/libBLAS.dylib
0x00007ff80d31f000 	/System/Library/Frameworks/Accelerate.framework/Versions/A/Frameworks/vecLib.framework/Versions/A/libLAPACK.dylib
0x00007ff80c662000 	/System/Library/Frameworks/Accelerate.framework/Versions/A/Frameworks/vecLib.framework/Versions/A/libLinearAlgebra.dylib
0x00007ff80d225000 	/System/Library/Frameworks/Accelerate.framework/Versions/A/Frameworks/vecLib.framework/Versions/A/libSparseBLAS.dylib
0x00007ff80d319000 	/System/Library/Frameworks/Accelerate.framework/Versions/A/Frameworks/vecLib.framework/Versions/A/libQuadrature.dylib
0x00007ff80b97f000 	/System/Library/Frameworks/Accelerate.framework/Versions/A/Frameworks/vecLib.framework/Versions/A/libBNNS.dylib
0x00007ff802d1d000 	/System/Library/Frameworks/Accelerate.framework/Versions/A/Frameworks/vecLib.framework/Versions/A/libSparse.dylib
0x00007ff80b978000 	/System/Library/PrivateFrameworks/LinguisticData.framework/Versions/A/LinguisticData
0x00007ff802cd3000 	/System/Library/PrivateFrameworks/Lexicon.framework/Versions/A/Lexicon
0x00007ff80d7cf000 	/usr/lib/libChineseTokenizer.dylib
0x00007ff80343e000 	/System/Library/PrivateFrameworks/LanguageModeling.framework/Versions/A/LanguageModeling
0x00007ff80d1ea000 	/System/Library/PrivateFrameworks/AppleSauce.framework/Versions/A/AppleSauce
0x00007ff80c216000 	/System/Library/PrivateFrameworks/CoreEmoji.framework/Versions/A/CoreEmoji
0x00007ff80d0ea000 	/usr/lib/libcmph.dylib
0x00007ff8098e2000 	/System/Library/Frameworks/OpenDirectory.framework/Versions/A/Frameworks/CFOpenDirectory.framework/Versions/A/CFOpenDirectory
0x00007ff8098d6000 	/System/Library/Frameworks/OpenDirectory.framework/Versions/A/OpenDirectory
0x00007ff80d728000 	/System/Library/PrivateFrameworks/APFS.framework/Versions/A/APFS
0x00007ff80c52c000 	/System/Library/Frameworks/SecurityFoundation.framework/Versions/A/SecurityFoundation
0x00007ff80d7a3000 	/usr/lib/libutil.dylib
0x00007ff804b2e000 	/System/Library/PrivateFrameworks/CoreServicesStore.framework/Versions/A/CoreServicesStore
0x00007ff80d7a7000 	/usr/lib/libxslt.1.dylib
0x00007ff80c5b9000 	/System/Library/PrivateFrameworks/BackgroundTaskManagement.framework/Versions/A/BackgroundTaskManagement
0x00007ff80ec15000 	/System/Library/Frameworks/ImageIO.framework/Versions/A/Resources/libRadiance.dylib
0x00007ff80ec1e000 	/System/Library/Frameworks/ImageIO.framework/Versions/A/Resources/libJPEG.dylib
0x00007ff80eb6d000 	/System/Library/Frameworks/ImageIO.framework/Versions/A/Resources/libPng.dylib
0x00007ff80eb8e000 	/System/Library/Frameworks/ImageIO.framework/Versions/A/Resources/libTIFF.dylib
0x00007ff80ec7e000 	/System/Library/Frameworks/ImageIO.framework/Versions/A/Resources/libGIF.dylib
0x00007ff80e4a8000 	/System/Library/Frameworks/ImageIO.framework/Versions/A/Resources/libJP2.dylib
0x00007ff80dbe5000 	/usr/lib/libexpat.1.dylib
0x00007ff80e45d000 	/System/Library/PrivateFrameworks/AppleJPEG.framework/Versions/A/AppleJPEG
0x00007ff80adc8000 	/System/Library/PrivateFrameworks/FontServices.framework/libFontParser.dylib
0x00007ff8088db000 	/System/Library/PrivateFrameworks/RunningBoardServices.framework/Versions/A/RunningBoardServices
0x00007ff8195e6000 	/System/Library/PrivateFrameworks/IOSurfaceAccelerator.framework/Versions/A/IOSurfaceAccelerator
0x00007ff80e58a000 	/System/Library/PrivateFrameworks/WatchdogClient.framework/Versions/A/WatchdogClient
0x00007ff80352c000 	/System/Library/Frameworks/CoreDisplay.framework/Versions/A/CoreDisplay
0x00007ff80acc6000 	/System/Library/Frameworks/CoreMedia.framework/Versions/A/CoreMedia
0x00007ff80ab5a000 	/System/Library/PrivateFrameworks/IOAccelerator.framework/Versions/A/IOAccelerator
0x00007ff809a5f000 	/System/Library/Frameworks/CoreVideo.framework/Versions/A/CoreVideo
0x00007ff80d23b000 	/System/Library/Frameworks/MetalPerformanceShaders.framework/Versions/A/MetalPerformanceShaders
0x00007ff80e5c7000 	/System/Library/Frameworks/VideoToolbox.framework/Versions/A/VideoToolbox
0x00007ff808825000 	/System/Library/PrivateFrameworks/BaseBoard.framework/Versions/A/BaseBoard
0x00007ff8085ac000 	/System/Library/PrivateFrameworks/ProtocolBuffer.framework/Versions/A/ProtocolBuffer
0x00007ff80ec0e000 	/System/Library/PrivateFrameworks/GPUWrangler.framework/Versions/A/GPUWrangler
0x00007ff80ebf2000 	/System/Library/PrivateFrameworks/IOPresentment.framework/Versions/A/IOPresentment
0x00007ff80ec18000 	/System/Library/PrivateFrameworks/DSExternalDisplay.framework/Versions/A/DSExternalDisplay
0x00007ffa1af9e000 	/System/Library/Frameworks/OpenGL.framework/Versions/A/Libraries/libCoreFSCache.dylib
0x00007ffb08075000 	/System/Library/PrivateFrameworks/GPUCompiler.framework/Versions/31001/Libraries/libGPUCompilerUtils.dylib
0x00007ff80ec83000 	/System/Library/PrivateFrameworks/CMCaptureCore.framework/Versions/A/CMCaptureCore
0x00007ff80e18d000 	/System/Library/PrivateFrameworks/AppServerSupport.framework/Versions/A/AppServerSupport
0x00007ff810451000 	/System/Library/PrivateFrameworks/perfdata.framework/Versions/A/perfdata
0x00007ff803658000 	/System/Library/PrivateFrameworks/AudioToolboxCore.framework/Versions/A/AudioToolboxCore
0x00007ff80aca4000 	/System/Library/PrivateFrameworks/caulk.framework/Versions/A/caulk
0x00007ff80fd63000 	/usr/lib/libAudioStatistics.dylib
0x00007ff907a5a000 	/System/Library/PrivateFrameworks/SystemPolicy.framework/Versions/A/SystemPolicy
0x00007ff80ffbe000 	/usr/lib/libSMC.dylib
0x00007ff818ede000 	/System/Library/Frameworks/CoreMIDI.framework/Versions/A/CoreMIDI
0x00007ff80eb3c000 	/usr/lib/libAudioToolboxUtility.dylib
0x00007ff903c82000 	/System/Library/PrivateFrameworks/OSAServicesClient.framework/Versions/A/OSAServicesClient
0x00007ff81045e000 	/usr/lib/libperfcheck.dylib
0x00007ff908507000 	/usr/lib/libmis.dylib
0x00007ffa1aff9000 	/System/Library/Frameworks/OpenGL.framework/Versions/A/Libraries/libGLU.dylib
0x00007ffa1afbd000 	/System/Library/Frameworks/OpenGL.framework/Versions/A/Libraries/libGFXShared.dylib
0x00007ffa1b1c6000 	/System/Library/Frameworks/OpenGL.framework/Versions/A/Libraries/libGL.dylib
0x00007ffa1afc6000 	/System/Library/Frameworks/OpenGL.framework/Versions/A/Libraries/libGLImage.dylib
0x00007ffa1afba000 	/System/Library/Frameworks/OpenGL.framework/Versions/A/Libraries/libCVMSPluginSupport.dylib
0x00007ffa1afa5000 	/System/Library/Frameworks/OpenGL.framework/Versions/A/Libraries/libCoreVMClient.dylib
0x00007ff80b810000 	/System/Library/Frameworks/MetalPerformanceShaders.framework/Versions/A/Frameworks/MPSCore.framework/Versions/A/MPSCore
0x00007ff80cbd2000 	/System/Library/Frameworks/MetalPerformanceShaders.framework/Versions/A/Frameworks/MPSImage.framework/Versions/A/MPSImage
0x00007ff80c678000 	/System/Library/Frameworks/MetalPerformanceShaders.framework/Versions/A/Frameworks/MPSNeuralNetwork.framework/Versions/A/MPSNeuralNetwork
0x00007ff80caec000 	/System/Library/Frameworks/MetalPerformanceShaders.framework/Versions/A/Frameworks/MPSMatrix.framework/Versions/A/MPSMatrix
0x00007ff80c8a7000 	/System/Library/Frameworks/MetalPerformanceShaders.framework/Versions/A/Frameworks/MPSRayIntersector.framework/Versions/A/MPSRayIntersector
0x00007ff80cb24000 	/System/Library/Frameworks/MetalPerformanceShaders.framework/Versions/A/Frameworks/MPSNDArray.framework/Versions/A/MPSNDArray
0x00007ffa20a7e000 	/System/Library/Frameworks/MetalPerformanceShaders.framework/Versions/A/Frameworks/MPSFunctions.framework/Versions/A/MPSFunctions
0x00007ff80295f000 	/System/Library/PrivateFrameworks/MetalTools.framework/Versions/A/MetalTools
0x00007ff80b88c000 	/System/Library/PrivateFrameworks/AggregateDictionary.framework/Versions/A/AggregateDictionary
0x00007ff80d9c7000 	/usr/lib/libIOReport.dylib
0x00007ffa1c5d5000 	/System/Library/Frameworks/OpenCL.framework/Versions/A/OpenCL
0x00007ff80dd2b000 	/System/Library/PrivateFrameworks/FaceCore.framework/Versions/A/FaceCore
0x00007ff80dd1c000 	/System/Library/PrivateFrameworks/GraphVisualizer.framework/Versions/A/GraphVisualizer
0x00007ffb07f80000 	/System/Library/PrivateFrameworks/FontServices.framework/Versions/A/FontServices
0x00007ff80e145000 	/System/Library/PrivateFrameworks/OTSVG.framework/Versions/A/OTSVG
0x00007ff809645000 	/System/Library/Frameworks/ApplicationServices.framework/Versions/A/Frameworks/ATS.framework/Versions/A/Resources/libFontRegistry.dylib
0x00007ff80e195000 	/System/Library/PrivateFrameworks/FontServices.framework/libhvf.dylib
0x00007ffb07f81000 	/System/Library/PrivateFrameworks/FontServices.framework/libXTFontStaticRegistryData.dylib
0x00007ff80db95000 	/System/Library/PrivateFrameworks/AppleVA.framework/Versions/A/AppleVA
0x00007ff80fd83000 	/System/Library/Frameworks/ApplicationServices.framework/Versions/A/Frameworks/ATS.framework/Versions/A/ATS
0x00007ff807cf2000 	/System/Library/Frameworks/ApplicationServices.framework/Versions/A/Frameworks/HIServices.framework/Versions/A/HIServices
0x00007ff80ec8d000 	/System/Library/Frameworks/ApplicationServices.framework/Versions/A/Frameworks/PrintCore.framework/Versions/A/PrintCore
0x00007ff810111000 	/System/Library/Frameworks/ApplicationServices.framework/Versions/A/Frameworks/QD.framework/Versions/A/QD
0x00007ff810109000 	/System/Library/Frameworks/ApplicationServices.framework/Versions/A/Frameworks/ColorSyncLegacy.framework/Versions/A/ColorSyncLegacy
0x00007ff80fd73000 	/System/Library/Frameworks/ApplicationServices.framework/Versions/A/Frameworks/SpeechSynthesis.framework/Versions/A/SpeechSynthesis
0x00007ff80ec4e000 	/System/Library/Frameworks/ApplicationServices.framework/Versions/A/Frameworks/ATSUI.framework/Versions/A/ATSUI
0x00007ff81009e000 	/usr/lib/libcups.2.dylib
0x00007ff81046d000 	/System/Library/Frameworks/Kerberos.framework/Versions/A/Kerberos
0x00007ff81047c000 	/System/Library/Frameworks/GSS.framework/Versions/A/GSS
0x00007ff80fdef000 	/usr/lib/libresolv.9.dylib
0x00007ff80e1a4000 	/System/Library/PrivateFrameworks/Heimdal.framework/Versions/A/Heimdal
0x00007ff817061000 	/System/Library/Frameworks/Kerberos.framework/Versions/A/Libraries/libHeimdalProxy.dylib
0x00007ff8089af000 	/System/Library/Frameworks/Network.framework/Versions/A/Network
0x00007ff80dbff000 	/usr/lib/libheimdal-asn1.dylib
0x00007ff8104c7000 	/System/Library/PrivateFrameworks/CommonAuth.framework/Versions/A/CommonAuth
0x00007ff80fcf5000 	/System/Library/PrivateFrameworks/AudioSession.framework/Versions/A/AudioSession
0x00007ff80dc8f000 	/System/Library/PrivateFrameworks/MediaExperience.framework/Versions/A/MediaExperience
0x00007ff80fb87000 	/System/Library/PrivateFrameworks/AudioSession.framework/libSessionUtility.dylib
0x00007ff81011d000 	/System/Library/PrivateFrameworks/AudioResourceArbitration.framework/Versions/A/AudioResourceArbitration
0x00007ff81419e000 	/System/Library/PrivateFrameworks/PowerLog.framework/Versions/A/PowerLog
0x00007ff80dc08000 	/System/Library/PrivateFrameworks/IconFoundation.framework/Versions/A/IconFoundation
0x00007ff812f54000 	/System/Library/PrivateFrameworks/SpeechRecognitionCore.framework/Versions/A/SpeechRecognitionCore
0x0000000109146000 	/Library/Java/JavaVirtualMachines/jdk-20.jdk/Contents/Home/lib/server/libjvm.dylib
0x0000000102eae000 	/Library/Java/JavaVirtualMachines/jdk-20.jdk/Contents/Home/lib/libjimage.dylib
0x0000000102ed1000 	/Library/Java/JavaVirtualMachines/jdk-20.jdk/Contents/Home/lib/libinstrument.dylib
0x0000000102f14000 	/Library/Java/JavaVirtualMachines/jdk-20.jdk/Contents/Home/lib/libjava.dylib
0x00000001036c4000 	/Library/Java/JavaVirtualMachines/jdk-20.jdk/Contents/Home/lib/libzip.dylib
0x00000001036f3000 	/Library/Java/JavaVirtualMachines/jdk-20.jdk/Contents/Home/lib/libnio.dylib
0x000000010370f000 	/Library/Java/JavaVirtualMachines/jdk-20.jdk/Contents/Home/lib/libnet.dylib
0x0000000103723000 	/Library/Java/JavaVirtualMachines/jdk-20.jdk/Contents/Home/lib/libverify.dylib
0x000000010373b000 	/Users/Sooraj/Library/Application Support/Code/User/globalStorage/redhat.java/1.18.0/config_mac/org.eclipse.equinox.launcher/org.eclipse.equinox.launcher.cocoa.macosx.x86_64_1.2.700.v20221108-1024/eclipse_11801.so
0x00007ff804af0000 	/System/Library/PrivateFrameworks/CoreServicesInternal.framework/Versions/A/CoreServicesInternal
0x00007ff81478f000 	/System/Library/Frameworks/FileProvider.framework/Versions/A/FileProvider
0x00007ff808792000 	/System/Library/Frameworks/Accounts.framework/Versions/A/Accounts
0x00007ff814908000 	/System/Library/PrivateFrameworks/GenerationalStorage.framework/Versions/A/GenerationalStorage
0x00007ff815418000 	/System/Library/PrivateFrameworks/CoreSymbolication.framework/Versions/A/CoreSymbolication
0x00007ff814193000 	/System/Library/PrivateFrameworks/SymptomDiagnosticReporter.framework/Versions/A/SymptomDiagnosticReporter
0x00007ff805db1000 	/System/Library/PrivateFrameworks/DesktopServicesPriv.framework/Versions/A/DesktopServicesPriv
0x00007ff804c2f000 	/usr/lib/libsandbox.1.dylib
0x00007ff809ade000 	/System/Library/PrivateFrameworks/UserManagement.framework/Versions/A/UserManagement
0x00007ff8153dd000 	/System/Library/PrivateFrameworks/DebugSymbols.framework/Versions/A/DebugSymbols
0x00007ff8100fe000 	/System/Library/PrivateFrameworks/NetAuth.framework/Versions/A/NetAuth
0x00007ff81100d000 	/System/Library/PrivateFrameworks/Sharing.framework/Versions/A/Sharing
0x00007ff809ab1000 	/System/Library/PrivateFrameworks/login.framework/Versions/A/Frameworks/loginsupport.framework/Versions/A/loginsupport
0x00007ff81657b000 	/System/Library/PrivateFrameworks/Apple80211.framework/Versions/A/Apple80211
0x00007ff80ccb7000 	/System/Library/PrivateFrameworks/AuthKit.framework/Versions/A/AuthKit
0x00007ff80c30c000 	/System/Library/PrivateFrameworks/CoreUtils.framework/Versions/A/CoreUtils
0x00007ff80c233000 	/System/Library/Frameworks/CoreWLAN.framework/Versions/A/CoreWLAN
0x00007ff81116c000 	/System/Library/Frameworks/IOBluetooth.framework/Versions/A/IOBluetooth
0x00007ff8165e3000 	/System/Library/PrivateFrameworks/CoreWiFi.framework/Versions/A/CoreWiFi
0x00007ff814fb2000 	/System/Library/PrivateFrameworks/FrontBoardServices.framework/Versions/A/FrontBoardServices
0x00007ff815043000 	/System/Library/PrivateFrameworks/BoardServices.framework/Versions/A/BoardServices
0x00007ff80c51b000 	/System/Library/PrivateFrameworks/AssertionServices.framework/Versions/A/AssertionServices
0x00007ff816766000 	/System/Library/PrivateFrameworks/BackBoardServices.framework/Versions/A/BackBoardServices
0x00007ff810558000 	/System/Library/PrivateFrameworks/CorePhoneNumbers.framework/Versions/A/CorePhoneNumbers
0x00007ff80fe1c000 	/System/Library/PrivateFrameworks/MultiverseSupport.framework/Versions/A/MultiverseSupport
0x00007ff8169da000 	/System/Library/PrivateFrameworks/RemoteServiceDiscovery.framework/Versions/A/RemoteServiceDiscovery
0x00007ff8142b0000 	/System/Library/PrivateFrameworks/DiskManagement.framework/Versions/A/DiskManagement
0x00007ff8141c4000 	/System/Library/PrivateFrameworks/AppleIDAuthSupport.framework/Versions/A/AppleIDAuthSupport
0x00007ffb028fb000 	/System/Library/PrivateFrameworks/AAAFoundation.framework/Versions/A/AAAFoundation
0x00007ff810539000 	/System/Library/PrivateFrameworks/KeychainCircle.framework/Versions/A/KeychainCircle
0x00007ff8169ea000 	/System/Library/PrivateFrameworks/RemoteXPC.framework/Versions/A/RemoteXPC
0x00007ff81427c000 	/System/Library/PrivateFrameworks/MediaKit.framework/Versions/A/MediaKit
0x00007ff8141d0000 	/System/Library/Frameworks/DiscRecording.framework/Versions/A/DiscRecording
0x00007ff80db0d000 	/usr/lib/libCoreStorage.dylib
0x00007ff816a55000 	/usr/lib/libcsfde.dylib
0x00007ff811239000 	/System/Library/PrivateFrameworks/ProtectedCloudStorage.framework/Versions/A/ProtectedCloudStorage
0x00007ff816a51000 	/System/Library/PrivateFrameworks/EFILogin.framework/Versions/A/EFILogin
0x00007ff81492e000 	/System/Library/PrivateFrameworks/OctagonTrust.framework/Versions/A/OctagonTrust
0x00007ffb071e3000 	/System/Library/PrivateFrameworks/CoreUtilsExtras.framework/Versions/A/CoreUtilsExtras
0x00007ff8140f7000 	/System/Library/Frameworks/CoreBluetooth.framework/Versions/A/CoreBluetooth
0x00007ff8170e6000 	/System/Library/Frameworks/AudioUnit.framework/Versions/A/AudioUnit
0x00007ff80db05000 	/usr/lib/libMatch.1.dylib
0x00007ff8097d6000 	/System/Library/PrivateFrameworks/ViewBridge.framework/Versions/A/ViewBridge
0x000000010389f000 	/Library/Java/JavaVirtualMachines/jdk-20.jdk/Contents/Home/lib/libextnet.dylib


VM Arguments:
jvm_args: --add-modules=ALL-SYSTEM --add-opens=java.base/java.util=ALL-UNNAMED --add-opens=java.base/java.lang=ALL-UNNAMED --add-opens=java.base/sun.nio.fs=ALL-UNNAMED -Declipse.application=org.eclipse.jdt.ls.core.id1 -Dosgi.bundles.defaultStartLevel=4 -Declipse.product=org.eclipse.jdt.ls.core.product -Djava.import.generatesMetadataFilesAtProjectRoot=false -Dfile.encoding=utf8 -XX:+UseParallelGC -XX:GCTimeRatio=4 -XX:AdaptiveSizePolicyWeight=90 -Dsun.zip.disableMemoryMapping=true -Xmx1G -Xms100m -Xlog:disable -javaagent:/Users/Sooraj/.vscode/extensions/redhat.java-1.18.0-darwin-x64/lombok/lombok-1.18.27.jar -XX:+HeapDumpOnOutOfMemoryError -XX:HeapDumpPath=/Users/Sooraj/Library/Application Support/Code/User/workspaceStorage/df6b44e4a2bc67d7ecc28c8f13569df9/redhat.java -Daether.dependencyCollector.impl=bf 
java_command: /Users/Sooraj/.vscode/extensions/redhat.java-1.18.0-darwin-x64/server/plugins/org.eclipse.equinox.launcher_1.6.400.v20210924-0641.jar -configuration /Users/Sooraj/Library/Application Support/Code/User/globalStorage/redhat.java/1.18.0/config_mac -data /Users/Sooraj/Library/Application Support/Code/User/workspaceStorage/df6b44e4a2bc67d7ecc28c8f13569df9/redhat.java/jdt_ws
java_class_path (initial): /Users/Sooraj/.vscode/extensions/redhat.java-1.18.0-darwin-x64/server/plugins/org.eclipse.equinox.launcher_1.6.400.v20210924-0641.jar
Launcher Type: SUN_STANDARD

[Global flags]
    uintx AdaptiveSizePolicyWeight                 = 90                                        {product} {command line}
     intx CICompilerCount                          = 4                                         {product} {ergonomic}
    uintx GCTimeRatio                              = 4                                         {product} {command line}
     bool HeapDumpOnOutOfMemoryError               = true                                   {manageable} {command line}
    ccstr HeapDumpPath                             = /Users/Sooraj/Library/Application Support/Code/User/workspaceStorage/df6b44e4a2bc67d7ecc28c8f13569df9/redhat.java         {manageable} {command line}
   size_t InitialHeapSize                          = 104857600                                 {product} {command line}
   size_t MaxHeapSize                              = 1073741824                                {product} {command line}
   size_t MaxNewSize                               = 357564416                                 {product} {ergonomic}
   size_t MinHeapDeltaBytes                        = 524288                                    {product} {ergonomic}
   size_t MinHeapSize                              = 104857600                                 {product} {command line}
   size_t NewSize                                  = 34603008                                  {product} {ergonomic}
    uintx NonNMethodCodeHeapSize                   = 5839372                                {pd product} {ergonomic}
    uintx NonProfiledCodeHeapSize                  = 122909434                              {pd product} {ergonomic}
   size_t OldSize                                  = 70254592                                  {product} {ergonomic}
    uintx ProfiledCodeHeapSize                     = 122909434                              {pd product} {ergonomic}
    uintx ReservedCodeCacheSize                    = 251658240                              {pd product} {ergonomic}
     bool SegmentedCodeCache                       = true                                      {product} {ergonomic}
   size_t SoftMaxHeapSize                          = 1073741824                             {manageable} {ergonomic}
     bool UseCompressedClassPointers               = true                           {product lp64_product} {ergonomic}
     bool UseCompressedOops                        = true                           {product lp64_product} {ergonomic}
     bool UseNUMA                                  = false                                     {product} {ergonomic}
     bool UseNUMAInterleaving                      = false                                     {product} {ergonomic}
     bool UseParallelGC                            = true                                      {product} {command line}

Logging:
Log output configuration:
 #0: stdout all=off uptime,level,tags foldmultilines=false
 #1: stderr all=off uptime,level,tags foldmultilines=false

Environment Variables:
PATH=/usr/local/bin:/usr/bin:/bin:/usr/sbin:/sbin:/usr/local/share/dotnet:/opt/X11/bin:~/.dotnet/tools:/Library/Apple/usr/bin:/Library/Frameworks/Mono.framework/Versions/Current/Commands
SHELL=/bin/zsh
DISPLAY=/private/tmp/com.apple.launchd.fTRX2ic1JH/org.macosforge.xquartz:0
LANG=en_US.UTF-8
TERM=xterm-256color
TMPDIR=/var/folders/6d/gspg8mvx1hv48f6208gbc6c40000gp/T/

Active Locale:
LC_ALL=en_US.UTF-8
LC_COLLATE=en_US.UTF-8
LC_CTYPE=en_US.UTF-8
LC_MESSAGES=en_US.UTF-8
LC_MONETARY=en_US.UTF-8
LC_NUMERIC=en_US.UTF-8
LC_TIME=en_US.UTF-8

Signal Handlers:
   SIGSEGV: crash_handler in libjvm.dylib, mask=11100110000111110111111111111111, flags=SA_ONSTACK|SA_RESTART|SA_SIGINFO, unblocked
    SIGBUS: crash_handler in libjvm.dylib, mask=11100110000111110111111111111111, flags=SA_RESTART|SA_SIGINFO, unblocked
    SIGFPE: crash_handler in libjvm.dylib, mask=11100110000111110111111111111111, flags=SA_RESTART|SA_SIGINFO, unblocked
   SIGPIPE: javaSignalHandler in libjvm.dylib, mask=11100110000111110111111111111111, flags=SA_RESTART|SA_SIGINFO, blocked
   SIGXFSZ: javaSignalHandler in libjvm.dylib, mask=11100110000111110111111111111111, flags=SA_RESTART|SA_SIGINFO, blocked
    SIGILL: crash_handler in libjvm.dylib, mask=11100110000111110111111111111111, flags=SA_RESTART|SA_SIGINFO, unblocked
   SIGUSR2: SR_handler in libjvm.dylib, mask=00000000000000000000000000000000, flags=SA_RESTART|SA_SIGINFO, blocked
    SIGHUP: UserHandler in libjvm.dylib, mask=11100110000111110111111111111111, flags=SA_RESTART|SA_SIGINFO, blocked
    SIGINT: UserHandler in libjvm.dylib, mask=11100110000111110111111111111111, flags=SA_RESTART|SA_SIGINFO, blocked
   SIGTERM: UserHandler in libjvm.dylib, mask=11100110000111110111111111111111, flags=SA_RESTART|SA_SIGINFO, blocked
   SIGQUIT: UserHandler in libjvm.dylib, mask=11100110000111110111111111111111, flags=SA_RESTART|SA_SIGINFO, blocked
   SIGTRAP: crash_handler in libjvm.dylib, mask=11100110000111110111111111111111, flags=SA_RESTART|SA_SIGINFO, unblocked


---------------  S Y S T E M  ---------------

OS:
uname: Darwin 21.6.0 Darwin Kernel Version 21.6.0: Sun Nov  6 23:31:16 PST 2022; root:xnu-8020.240.14~1/RELEASE_X86_64 x86_64
OS uptime: 1 days 11:01 hours
rlimit (soft/hard): STACK 8192k/65532k , CORE 0k/infinity , NPROC 2784/4176 , NOFILE 10240/infinity , AS infinity/infinity , CPU infinity/infinity , DATA infinity/infinity , FSIZE infinity/infinity , MEMLOCK infinity/infinity , RSS infinity/infinity
load average: 2.11 2.68 2.78

CPU: total 8 (initial active 8) (4 cores per cpu, 2 threads per core) family 6 model 70 stepping 1 microcode 0x1c, cx8, cmov, fxsr, ht, mmx, sse, sse2, sse3, ssse3, sse4.1, sse4.2, popcnt, lzcnt, tsc, tscinvbit, avx, avx2, aes, erms, clmul, bmi1, bmi2, fma, vzeroupper, clflush, rdtscp, f16c

Memory: 4k page, physical 16777216k(1100964k free), swap 1048576k(739840k free)

vm_info: Java HotSpot(TM) 64-Bit Server VM (20+36-2344) for bsd-amd64 JRE (20+36-2344), built on 2023-02-10T19:30:15Z by "mach5one" with clang Apple LLVM 12.0.0 (clang-1200.0.32.29)

END.
